<?xml version="1.0" encoding="UTF-8"?>
<coverage generated="1778345188525" clover="3.2.0">
  <project timestamp="1778345188526" name="All files">
    <metrics statements="439" coveredstatements="351" conditionals="226" coveredconditionals="146" methods="86" coveredmethods="77" elements="751" coveredelements="574" complexity="0" loc="439" ncloc="439" packages="7" files="18" classes="18"/>
    <package name="src">
      <metrics statements="11" coveredstatements="8" conditionals="2" coveredconditionals="0" methods="1" coveredmethods="0"/>
      <file name="app.ts" path="/home/usuario/grp02-medcore-api-grouph/src/app.ts">
        <metrics statements="8" coveredstatements="8" conditionals="0" coveredconditionals="0" methods="0" coveredmethods="0"/>
        <line num="12" count="4" type="stmt"/>
        <line num="13" count="4" type="stmt"/>
        <line num="14" count="4" type="stmt"/>
        <line num="21" count="4" type="stmt"/>
        <line num="22" count="4" type="stmt"/>
        <line num="23" count="4" type="stmt"/>
        <line num="24" count="4" type="stmt"/>
        <line num="25" count="4" type="stmt"/>
      </file>
      <file name="index.ts" path="/home/usuario/grp02-medcore-api-grouph/src/index.ts">
        <metrics statements="3" coveredstatements="0" conditionals="2" coveredconditionals="0" methods="1" coveredmethods="0"/>
        <line num="3" count="0" type="cond" truecount="0" falsecount="2"/>
        <line num="5" count="0" type="stmt"/>
        <line num="6" count="0" type="stmt"/>
      </file>
    </package>
    <package name="src.config">
      <metrics statements="2" coveredstatements="2" conditionals="0" coveredconditionals="0" methods="0" coveredmethods="0"/>
      <file name="swagger.ts" path="/home/usuario/grp02-medcore-api-grouph/src/config/swagger.ts">
        <metrics statements="2" coveredstatements="2" conditionals="0" coveredconditionals="0" methods="0" coveredmethods="0"/>
        <line num="4" count="4" type="stmt"/>
        <line num="393" count="4" type="stmt"/>
      </file>
    </package>
    <package name="src.db">
      <metrics statements="5" coveredstatements="4" conditionals="2" coveredconditionals="1" methods="0" coveredmethods="0"/>
      <file name="mongoose.ts" path="/home/usuario/grp02-medcore-api-grouph/src/db/mongoose.ts">
        <metrics statements="5" coveredstatements="4" conditionals="2" coveredconditionals="1" methods="0" coveredmethods="0"/>
        <line num="3" count="4" type="cond" truecount="1" falsecount="1"/>
        <line num="5" count="4" type="stmt"/>
        <line num="6" count="4" type="stmt"/>
        <line num="7" count="4" type="stmt"/>
        <line num="9" count="0" type="stmt"/>
      </file>
    </package>
    <package name="src.interfaces">
      <metrics statements="0" coveredstatements="0" conditionals="0" coveredconditionals="0" methods="0" coveredmethods="0"/>
      <file name="ContactInfo.ts" path="/home/usuario/grp02-medcore-api-grouph/src/interfaces/ContactInfo.ts">
        <metrics statements="0" coveredstatements="0" conditionals="0" coveredconditionals="0" methods="0" coveredmethods="0"/>
      </file>
      <file name="Dose.ts" path="/home/usuario/grp02-medcore-api-grouph/src/interfaces/Dose.ts">
        <metrics statements="0" coveredstatements="0" conditionals="0" coveredconditionals="0" methods="0" coveredmethods="0"/>
      </file>
    </package>
    <package name="src.models">
      <metrics statements="36" coveredstatements="24" conditionals="30" coveredconditionals="15" methods="15" coveredmethods="14"/>
      <file name="medication.ts" path="/home/usuario/grp02-medcore-api-grouph/src/models/medication.ts">
        <metrics statements="10" coveredstatements="6" conditionals="8" coveredconditionals="4" methods="4" coveredmethods="4"/>
        <line num="28" count="4" type="stmt"/>
        <line num="34" count="37" type="cond" truecount="1" falsecount="1"/>
        <line num="35" count="0" type="stmt"/>
        <line num="44" count="37" type="cond" truecount="1" falsecount="1"/>
        <line num="45" count="0" type="stmt"/>
        <line num="79" count="37" type="cond" truecount="1" falsecount="1"/>
        <line num="80" count="0" type="stmt"/>
        <line num="88" count="37" type="cond" truecount="1" falsecount="1"/>
        <line num="89" count="0" type="stmt"/>
        <line num="110" count="4" type="stmt"/>
      </file>
      <file name="patient.ts" path="/home/usuario/grp02-medcore-api-grouph/src/models/patient.ts">
        <metrics statements="8" coveredstatements="5" conditionals="6" coveredconditionals="3" methods="3" coveredmethods="3"/>
        <line num="28" count="4" type="stmt"/>
        <line num="39" count="35" type="cond" truecount="1" falsecount="1"/>
        <line num="40" count="0" type="stmt"/>
        <line num="51" count="35" type="cond" truecount="1" falsecount="1"/>
        <line num="52" count="0" type="stmt"/>
        <line num="82" count="39" type="cond" truecount="1" falsecount="1"/>
        <line num="83" count="0" type="stmt"/>
        <line num="116" count="4" type="stmt"/>
      </file>
      <file name="record.ts" path="/home/usuario/grp02-medcore-api-grouph/src/models/record.ts">
        <metrics statements="6" coveredstatements="5" conditionals="6" coveredconditionals="2" methods="3" coveredmethods="2"/>
        <line num="23" count="4" type="stmt"/>
        <line num="44" count="0" type="cond" truecount="0" falsecount="2"/>
        <line num="68" count="4" type="stmt"/>
        <line num="96" count="25" type="cond" truecount="1" falsecount="1"/>
        <line num="103" count="25" type="cond" truecount="1" falsecount="1"/>
        <line num="126" count="4" type="stmt"/>
      </file>
      <file name="staff.ts" path="/home/usuario/grp02-medcore-api-grouph/src/models/staff.ts">
        <metrics statements="12" coveredstatements="8" conditionals="10" coveredconditionals="6" methods="5" coveredmethods="5"/>
        <line num="27" count="4" type="stmt"/>
        <line num="38" count="56" type="cond" truecount="2" falsecount="0"/>
        <line num="39" count="1" type="stmt"/>
        <line num="62" count="56" type="cond" truecount="1" falsecount="1"/>
        <line num="63" count="0" type="stmt"/>
        <line num="71" count="60" type="cond" truecount="1" falsecount="1"/>
        <line num="72" count="0" type="stmt"/>
        <line num="85" count="54" type="cond" truecount="1" falsecount="1"/>
        <line num="86" count="0" type="stmt"/>
        <line num="96" count="54" type="cond" truecount="1" falsecount="1"/>
        <line num="97" count="0" type="stmt"/>
        <line num="112" count="4" type="stmt"/>
      </file>
    </package>
    <package name="src.routers">
      <metrics statements="385" coveredstatements="313" conditionals="192" coveredconditionals="130" methods="70" coveredmethods="63"/>
      <file name="default.ts" path="/home/usuario/grp02-medcore-api-grouph/src/routers/default.ts">
        <metrics statements="3" coveredstatements="2" conditionals="0" coveredconditionals="0" methods="1" coveredmethods="0"/>
        <line num="3" count="4" type="stmt"/>
        <line num="5" count="4" type="stmt"/>
        <line num="6" count="0" type="stmt"/>
      </file>
      <file name="medication.ts" path="/home/usuario/grp02-medcore-api-grouph/src/routers/medication.ts">
        <metrics statements="89" coveredstatements="70" conditionals="46" coveredconditionals="33" methods="10" coveredmethods="10"/>
        <line num="6" count="4" type="stmt"/>
        <line num="40" count="4" type="stmt"/>
        <line num="41" count="2" type="stmt"/>
        <line num="43" count="2" type="stmt"/>
        <line num="44" count="2" type="stmt"/>
        <line num="45" count="1" type="stmt"/>
        <line num="47" count="1" type="stmt"/>
        <line num="84" count="4" type="stmt"/>
        <line num="85" count="1" type="stmt"/>
        <line num="86" count="1" type="stmt"/>
        <line num="88" count="1" type="cond" truecount="1" falsecount="1"/>
        <line num="89" count="0" type="stmt"/>
        <line num="91" count="1" type="stmt"/>
        <line num="95" count="0" type="stmt"/>
        <line num="143" count="4" type="stmt"/>
        <line num="145" count="8" type="stmt"/>
        <line num="147" count="8" type="cond" truecount="2" falsecount="0"/>
        <line num="148" count="8" type="cond" truecount="2" falsecount="0"/>
        <line num="149" count="8" type="cond" truecount="2" falsecount="0"/>
        <line num="152" count="8" type="stmt"/>
        <line num="153" count="8" type="stmt"/>
        <line num="155" count="8" type="cond" truecount="1" falsecount="1"/>
        <line num="156" count="0" type="stmt"/>
        <line num="158" count="8" type="stmt"/>
        <line num="162" count="0" type="stmt"/>
        <line num="215" count="4" type="stmt"/>
        <line num="216" count="1" type="cond" truecount="1" falsecount="1"/>
        <line num="217" count="0" type="stmt"/>
        <line num="218" count="1" type="cond" truecount="1" falsecount="1"/>
        <line num="219" count="0" type="stmt"/>
        <line num="223" count="1" type="stmt"/>
        <line num="224" count="1" type="stmt"/>
        <line num="225" count="1" type="stmt"/>
        <line num="226" count="1" type="stmt"/>
        <line num="229" count="1" type="cond" truecount="1" falsecount="1"/>
        <line num="230" count="0" type="stmt"/>
        <line num="234" count="1" type="stmt"/>
        <line num="235" count="1" type="stmt"/>
        <line num="244" count="1" type="cond" truecount="1" falsecount="1"/>
        <line num="245" count="1" type="stmt"/>
        <line num="247" count="0" type="stmt"/>
        <line num="250" count="0" type="stmt"/>
        <line num="317" count="4" type="stmt"/>
        <line num="318" count="5" type="cond" truecount="1" falsecount="1"/>
        <line num="319" count="0" type="stmt"/>
        <line num="323" count="5" type="stmt"/>
        <line num="324" count="5" type="stmt"/>
        <line num="325" count="5" type="stmt"/>
        <line num="326" count="5" type="stmt"/>
        <line num="329" count="5" type="cond" truecount="2" falsecount="0"/>
        <line num="330" count="1" type="stmt"/>
        <line num="334" count="4" type="stmt"/>
        <line num="336" count="4" type="cond" truecount="2" falsecount="0"/>
        <line num="337" count="4" type="cond" truecount="2" falsecount="0"/>
        <line num="338" count="4" type="cond" truecount="2" falsecount="0"/>
        <line num="341" count="4" type="stmt"/>
        <line num="342" count="4" type="stmt"/>
        <line num="351" count="4" type="cond" truecount="1" falsecount="1"/>
        <line num="352" count="4" type="stmt"/>
        <line num="354" count="0" type="stmt"/>
        <line num="357" count="0" type="stmt"/>
        <line num="405" count="4" type="stmt"/>
        <line num="406" count="1" type="cond" truecount="1" falsecount="1"/>
        <line num="407" count="0" type="stmt"/>
        <line num="409" count="1" type="stmt"/>
        <line num="412" count="1" type="stmt"/>
        <line num="417" count="1" type="cond" truecount="1" falsecount="1"/>
        <line num="418" count="0" type="stmt"/>
        <line num="420" count="1" type="stmt"/>
        <line num="421" count="1" type="cond" truecount="1" falsecount="1"/>
        <line num="422" count="0" type="stmt"/>
        <line num="424" count="1" type="stmt"/>
        <line num="428" count="0" type="stmt"/>
        <line num="499" count="4" type="stmt"/>
        <line num="501" count="4" type="stmt"/>
        <line num="503" count="4" type="cond" truecount="2" falsecount="0"/>
        <line num="504" count="4" type="cond" truecount="2" falsecount="0"/>
        <line num="505" count="4" type="cond" truecount="2" falsecount="0"/>
        <line num="506" count="4" type="stmt"/>
        <line num="509" count="4" type="stmt"/>
        <line num="510" count="4" type="stmt"/>
        <line num="514" count="4" type="stmt"/>
        <line num="519" count="4" type="cond" truecount="1" falsecount="1"/>
        <line num="520" count="0" type="stmt"/>
        <line num="522" count="4" type="stmt"/>
        <line num="523" count="4" type="cond" truecount="1" falsecount="1"/>
        <line num="524" count="0" type="stmt"/>
        <line num="526" count="4" type="stmt"/>
        <line num="530" count="0" type="stmt"/>
      </file>
      <file name="patient.ts" path="/home/usuario/grp02-medcore-api-grouph/src/routers/patient.ts">
        <metrics statements="78" coveredstatements="64" conditionals="32" coveredconditionals="22" methods="9" coveredmethods="9"/>
        <line num="6" count="4" type="stmt"/>
        <line num="34" count="4" type="stmt"/>
        <line num="35" count="2" type="stmt"/>
        <line num="36" count="2" type="stmt"/>
        <line num="37" count="2" type="stmt"/>
        <line num="38" count="1" type="stmt"/>
        <line num="40" count="1" type="stmt"/>
        <line num="83" count="4" type="stmt"/>
        <line num="84" count="8" type="stmt"/>
        <line num="86" count="8" type="cond" truecount="2" falsecount="0"/>
        <line num="87" count="8" type="cond" truecount="2" falsecount="0"/>
        <line num="89" count="8" type="stmt"/>
        <line num="90" count="8" type="stmt"/>
        <line num="92" count="8" type="cond" truecount="2" falsecount="0"/>
        <line num="93" count="1" type="stmt"/>
        <line num="95" count="7" type="stmt"/>
        <line num="98" count="0" type="stmt"/>
        <line num="136" count="4" type="stmt"/>
        <line num="137" count="1" type="stmt"/>
        <line num="138" count="1" type="stmt"/>
        <line num="139" count="1" type="cond" truecount="1" falsecount="1"/>
        <line num="140" count="0" type="stmt"/>
        <line num="142" count="1" type="stmt"/>
        <line num="145" count="0" type="stmt"/>
        <line num="215" count="4" type="stmt"/>
        <line num="216" count="4" type="cond" truecount="1" falsecount="1"/>
        <line num="217" count="0" type="stmt"/>
        <line num="219" count="4" type="stmt"/>
        <line num="220" count="4" type="stmt"/>
        <line num="221" count="4" type="stmt"/>
        <line num="222" count="8" type="stmt"/>
        <line num="224" count="4" type="cond" truecount="2" falsecount="0"/>
        <line num="225" count="2" type="stmt"/>
        <line num="227" count="2" type="stmt"/>
        <line num="229" count="2" type="cond" truecount="1" falsecount="1"/>
        <line num="230" count="2" type="cond" truecount="1" falsecount="1"/>
        <line num="232" count="2" type="stmt"/>
        <line num="233" count="2" type="stmt"/>
        <line num="238" count="2" type="cond" truecount="2" falsecount="0"/>
        <line num="239" count="1" type="stmt"/>
        <line num="241" count="1" type="stmt"/>
        <line num="244" count="0" type="stmt"/>
        <line num="316" count="4" type="stmt"/>
        <line num="317" count="2" type="cond" truecount="1" falsecount="1"/>
        <line num="318" count="0" type="stmt"/>
        <line num="319" count="2" type="cond" truecount="1" falsecount="1"/>
        <line num="320" count="0" type="stmt"/>
        <line num="322" count="2" type="stmt"/>
        <line num="323" count="2" type="stmt"/>
        <line num="324" count="2" type="stmt"/>
        <line num="325" count="6" type="stmt"/>
        <line num="328" count="2" type="cond" truecount="1" falsecount="1"/>
        <line num="329" count="0" type="stmt"/>
        <line num="332" count="2" type="stmt"/>
        <line num="333" count="2" type="stmt"/>
        <line num="339" count="2" type="cond" truecount="2" falsecount="0"/>
        <line num="340" count="1" type="stmt"/>
        <line num="342" count="1" type="stmt"/>
        <line num="345" count="0" type="stmt"/>
        <line num="391" count="4" type="stmt"/>
        <line num="392" count="1" type="cond" truecount="1" falsecount="1"/>
        <line num="393" count="0" type="stmt"/>
        <line num="396" count="1" type="stmt"/>
        <line num="397" count="1" type="stmt"/>
        <line num="398" count="1" type="cond" truecount="1" falsecount="1"/>
        <line num="399" count="0" type="stmt"/>
        <line num="401" count="1" type="stmt"/>
        <line num="402" count="1" type="stmt"/>
        <line num="403" count="1" type="stmt"/>
        <line num="405" count="0" type="stmt"/>
        <line num="449" count="4" type="stmt"/>
        <line num="450" count="1" type="stmt"/>
        <line num="451" count="1" type="stmt"/>
        <line num="452" count="1" type="stmt"/>
        <line num="453" count="1" type="cond" truecount="1" falsecount="1"/>
        <line num="454" count="0" type="stmt"/>
        <line num="456" count="1" type="stmt"/>
        <line num="458" count="0" type="stmt"/>
      </file>
      <file name="record.ts" path="/home/usuario/grp02-medcore-api-grouph/src/routers/record.ts">
        <metrics statements="142" coveredstatements="107" conditionals="78" coveredconditionals="48" methods="17" coveredmethods="12"/>
        <line num="14" count="4" type="stmt"/>
        <line num="22" count="5" type="stmt"/>
        <line num="26" count="5" type="cond" truecount="2" falsecount="0"/>
        <line num="27" count="1" type="stmt"/>
        <line num="30" count="4" type="stmt"/>
        <line num="39" count="6" type="stmt"/>
        <line num="41" count="6" type="cond" truecount="2" falsecount="0"/>
        <line num="42" count="1" type="stmt"/>
        <line num="45" count="5" type="cond" truecount="1" falsecount="1"/>
        <line num="46" count="0" type="stmt"/>
        <line num="49" count="5" type="stmt"/>
        <line num="64" count="4" type="stmt"/>
        <line num="65" count="4" type="stmt"/>
        <line num="67" count="4" type="stmt"/>
        <line num="69" count="3" type="cond" truecount="1" falsecount="1"/>
        <line num="70" count="0" type="stmt"/>
        <line num="73" count="3" type="cond" truecount="1" falsecount="1"/>
        <line num="74" count="0" type="stmt"/>
        <line num="79" count="3" type="cond" truecount="1" falsecount="1"/>
        <line num="80" count="0" type="stmt"/>
        <line num="85" count="3" type="stmt"/>
        <line num="86" count="3" type="cond" truecount="1" falsecount="1"/>
        <line num="87" count="3" type="stmt"/>
        <line num="89" count="0" type="stmt"/>
        <line num="91" count="3" type="stmt"/>
        <line num="96" count="3" type="cond" truecount="1" falsecount="1"/>
        <line num="97" count="0" type="stmt"/>
        <line num="109" count="4" type="stmt"/>
        <line num="110" count="4" type="stmt"/>
        <line num="111" count="3" type="stmt"/>
        <line num="112" count="3" type="cond" truecount="1" falsecount="1"/>
        <line num="113" count="3" type="stmt"/>
        <line num="116" count="4" type="stmt"/>
        <line num="190" count="4" type="stmt"/>
        <line num="194" count="6" type="cond" truecount="3" falsecount="1"/>
        <line num="195" count="0" type="stmt"/>
        <line num="197" count="6" type="stmt"/>
        <line num="198" count="6" type="stmt"/>
        <line num="199" count="6" type="cond" truecount="1" falsecount="1"/>
        <line num="201" count="6" type="stmt"/>
        <line num="202" count="6" type="stmt"/>
        <line num="203" count="5" type="stmt"/>
        <line num="205" count="2" type="stmt"/>
        <line num="208" count="4" type="stmt"/>
        <line num="209" count="4" type="stmt"/>
        <line num="210" count="4" type="stmt"/>
        <line num="216" count="1" type="stmt"/>
        <line num="219" count="3" type="stmt"/>
        <line num="220" count="3" type="stmt"/>
        <line num="221" count="3" type="stmt"/>
        <line num="228" count="3" type="stmt"/>
        <line num="229" count="2" type="stmt"/>
        <line num="231" count="1" type="stmt"/>
        <line num="278" count="4" type="stmt"/>
        <line num="279" count="4" type="cond" truecount="1" falsecount="1"/>
        <line num="280" count="0" type="stmt"/>
        <line num="282" count="4" type="stmt"/>
        <line num="283" count="4" type="stmt"/>
        <line num="284" count="4" type="cond" truecount="2" falsecount="0"/>
        <line num="285" count="1" type="stmt"/>
        <line num="287" count="3" type="stmt"/>
        <line num="289" count="3" type="cond" truecount="1" falsecount="1"/>
        <line num="290" count="3" type="stmt"/>
        <line num="292" count="0" type="stmt"/>
        <line num="297" count="0" type="stmt"/>
        <line num="298" count="0" type="stmt"/>
        <line num="336" count="4" type="stmt"/>
        <line num="337" count="1" type="stmt"/>
        <line num="338" count="1" type="stmt"/>
        <line num="340" count="1" type="cond" truecount="1" falsecount="1"/>
        <line num="341" count="0" type="stmt"/>
        <line num="343" count="1" type="stmt"/>
        <line num="346" count="0" type="stmt"/>
        <line num="406" count="4" type="stmt"/>
        <line num="407" count="5" type="stmt"/>
        <line num="410" count="5" type="cond" truecount="3" falsecount="1"/>
        <line num="411" count="0" type="stmt"/>
        <line num="417" count="5" type="cond" truecount="3" falsecount="1"/>
        <line num="418" count="0" type="stmt"/>
        <line num="424" count="5" type="stmt"/>
        <line num="425" count="5" type="stmt"/>
        <line num="428" count="5" type="cond" truecount="1" falsecount="1"/>
        <line num="429" count="0" type="stmt"/>
        <line num="435" count="5" type="stmt"/>
        <line num="440" count="5" type="cond" truecount="2" falsecount="0"/>
        <line num="441" count="2" type="cond" truecount="4" falsecount="1"/>
        <line num="442" count="2" type="stmt"/>
        <line num="444" count="0" type="stmt"/>
        <line num="448" count="5" type="stmt"/>
        <line num="449" count="5" type="stmt"/>
        <line num="451" count="5" type="cond" truecount="2" falsecount="0"/>
        <line num="452" count="1" type="stmt"/>
        <line num="455" count="4" type="stmt"/>
        <line num="458" count="0" type="stmt"/>
        <line num="491" count="4" type="stmt"/>
        <line num="492" count="2" type="cond" truecount="1" falsecount="1"/>
        <line num="493" count="0" type="stmt"/>
        <line num="495" count="2" type="stmt"/>
        <line num="496" count="2" type="cond" truecount="2" falsecount="0"/>
        <line num="497" count="1" type="stmt"/>
        <line num="499" count="1" type="stmt"/>
        <line num="501" count="1" type="cond" truecount="1" falsecount="1"/>
        <line num="502" count="1" type="stmt"/>
        <line num="503" count="0" type="stmt"/>
        <line num="504" count="0" type="stmt"/>
        <line num="505" count="0" type="stmt"/>
        <line num="507" count="0" type="cond" truecount="0" falsecount="2"/>
        <line num="508" count="0" type="stmt"/>
        <line num="510" count="0" type="stmt"/>
        <line num="512" count="0" type="stmt"/>
        <line num="517" count="0" type="stmt"/>
        <line num="522" count="1" type="stmt"/>
        <line num="524" count="1" type="stmt"/>
        <line num="527" count="0" type="stmt"/>
        <line num="599" count="4" type="stmt"/>
        <line num="600" count="2" type="cond" truecount="1" falsecount="1"/>
        <line num="601" count="0" type="stmt"/>
        <line num="605" count="2" type="stmt"/>
        <line num="606" count="2" type="stmt"/>
        <line num="607" count="2" type="stmt"/>
        <line num="608" count="7" type="stmt"/>
        <line num="611" count="2" type="cond" truecount="2" falsecount="0"/>
        <line num="612" count="1" type="stmt"/>
        <line num="614" count="1" type="stmt"/>
        <line num="615" count="1" type="stmt"/>
        <line num="616" count="1" type="cond" truecount="1" falsecount="1"/>
        <line num="617" count="0" type="stmt"/>
        <line num="619" count="1" type="stmt"/>
        <line num="620" count="1" type="cond" truecount="1" falsecount="1"/>
        <line num="622" count="1" type="cond" truecount="1" falsecount="1"/>
        <line num="623" count="1" type="stmt"/>
        <line num="624" count="0" type="stmt"/>
        <line num="631" count="1" type="cond" truecount="1" falsecount="1"/>
        <line num="632" count="1" type="stmt"/>
        <line num="633" count="0" type="stmt"/>
        <line num="639" count="1" type="stmt"/>
        <line num="641" count="0" type="cond" truecount="0" falsecount="2"/>
        <line num="644" count="1" type="stmt"/>
        <line num="650" count="1" type="cond" truecount="1" falsecount="1"/>
        <line num="651" count="0" type="stmt"/>
        <line num="653" count="1" type="stmt"/>
        <line num="657" count="0" type="stmt"/>
      </file>
      <file name="staff.ts" path="/home/usuario/grp02-medcore-api-grouph/src/routers/staff.ts">
        <metrics statements="73" coveredstatements="70" conditionals="36" coveredconditionals="27" methods="33" coveredmethods="32"/>
        <line num="5" count="4" type="stmt"/>
        <line num="18" count="11" type="stmt"/>
        <line num="19" count="11" type="stmt"/>
        <line num="20" count="11" type="cond" truecount="2" falsecount="0"/>
        <line num="21" count="11" type="cond" truecount="2" falsecount="0"/>
        <line num="22" count="11" type="stmt"/>
        <line num="31" count="5" type="stmt"/>
        <line num="32" count="5" type="stmt"/>
        <line num="33" count="5" type="stmt"/>
        <line num="34" count="9" type="stmt"/>
        <line num="35" count="5" type="cond" truecount="2" falsecount="0"/>
        <line num="36" count="4" type="stmt"/>
        <line num="46" count="14" type="stmt"/>
        <line num="47" count="14" type="cond" truecount="1" falsecount="1"/>
        <line num="49" count="14" type="stmt"/>
        <line num="50" count="14" type="stmt"/>
        <line num="51" count="14" type="cond" truecount="2" falsecount="0"/>
        <line num="52" count="3" type="stmt"/>
        <line num="54" count="14" type="stmt"/>
        <line num="84" count="4" type="stmt"/>
        <line num="85" count="3" type="stmt"/>
        <line num="86" count="3" type="stmt"/>
        <line num="87" count="3" type="stmt"/>
        <line num="88" count="1" type="stmt"/>
        <line num="90" count="2" type="stmt"/>
        <line num="127" count="4" type="stmt"/>
        <line num="128" count="1" type="stmt"/>
        <line num="129" count="1" type="stmt"/>
        <line num="130" count="1" type="cond" truecount="1" falsecount="1"/>
        <line num="131" count="1" type="stmt"/>
        <line num="133" count="0" type="stmt"/>
        <line num="136" count="0" type="stmt"/>
        <line num="179" count="4" type="stmt"/>
        <line num="180" count="8" type="stmt"/>
        <line num="182" count="7" type="stmt"/>
        <line num="185" count="7" type="stmt"/>
        <line num="188" count="7" type="cond" truecount="2" falsecount="0"/>
        <line num="189" count="6" type="stmt"/>
        <line num="191" count="1" type="stmt"/>
        <line num="194" count="1" type="cond" truecount="1" falsecount="1"/>
        <line num="267" count="4" type="stmt"/>
        <line num="268" count="3" type="cond" truecount="1" falsecount="1"/>
        <line num="270" count="3" type="stmt"/>
        <line num="272" count="2" type="stmt"/>
        <line num="278" count="2" type="cond" truecount="2" falsecount="0"/>
        <line num="279" count="1" type="stmt"/>
        <line num="282" count="1" type="cond" truecount="1" falsecount="1"/>
        <line num="362" count="4" type="stmt"/>
        <line num="363" count="3" type="cond" truecount="1" falsecount="1"/>
        <line num="364" count="3" type="stmt"/>
        <line num="366" count="2" type="stmt"/>
        <line num="369" count="2" type="stmt"/>
        <line num="372" count="2" type="stmt"/>
        <line num="378" count="2" type="cond" truecount="2" falsecount="0"/>
        <line num="379" count="1" type="stmt"/>
        <line num="382" count="1" type="cond" truecount="1" falsecount="1"/>
        <line num="425" count="4" type="stmt"/>
        <line num="426" count="2" type="cond" truecount="1" falsecount="1"/>
        <line num="428" count="2" type="stmt"/>
        <line num="430" count="2" type="cond" truecount="2" falsecount="0"/>
        <line num="431" count="1" type="stmt"/>
        <line num="432" count="1" type="stmt"/>
        <line num="434" count="1" type="stmt"/>
        <line num="438" count="2" type="stmt"/>
        <line num="441" count="0" type="stmt"/>
        <line num="485" count="4" type="stmt"/>
        <line num="486" count="3" type="stmt"/>
        <line num="488" count="2" type="stmt"/>
        <line num="491" count="2" type="stmt"/>
        <line num="494" count="2" type="cond" truecount="2" falsecount="0"/>
        <line num="495" count="1" type="stmt"/>
        <line num="497" count="1" type="stmt"/>
        <line num="500" count="1" type="cond" truecount="1" falsecount="1"/>
      </file>
    </package>
    <package name="src.types">
      <metrics statements="0" coveredstatements="0" conditionals="0" coveredconditionals="0" methods="0" coveredmethods="0"/>
      <file name="MedicationFilter.ts" path="/home/usuario/grp02-medcore-api-grouph/src/types/MedicationFilter.ts">
        <metrics statements="0" coveredstatements="0" conditionals="0" coveredconditionals="0" methods="0" coveredmethods="0"/>
      </file>
      <file name="PatientFilter.ts" path="/home/usuario/grp02-medcore-api-grouph/src/types/PatientFilter.ts">
        <metrics statements="0" coveredstatements="0" conditionals="0" coveredconditionals="0" methods="0" coveredmethods="0"/>
      </file>
      <file name="RecordFilter.ts" path="/home/usuario/grp02-medcore-api-grouph/src/types/RecordFilter.ts">
        <metrics statements="0" coveredstatements="0" conditionals="0" coveredconditionals="0" methods="0" coveredmethods="0"/>
      </file>
    </package>
  </project>
</coverage>
