{"/home/usuario/grp02-medcore-api-grouph/src/app.ts": {"path":"/home/usuario/grp02-medcore-api-grouph/src/app.ts","statementMap":{"0":{"start":{"line":12,"column":13},"end":{"line":12,"column":28}},"1":{"start":{"line":13,"column":0},"end":{"line":13,"column":null}},"2":{"start":{"line":14,"column":0},"end":{"line":14,"column":null}},"3":{"start":{"line":21,"column":0},"end":{"line":21,"column":null}},"4":{"start":{"line":22,"column":0},"end":{"line":22,"column":null}},"5":{"start":{"line":23,"column":0},"end":{"line":23,"column":null}},"6":{"start":{"line":24,"column":0},"end":{"line":24,"column":null}},"7":{"start":{"line":25,"column":0},"end":{"line":25,"column":null}}},"fnMap":{},"branchMap":{},"s":{"0":4,"1":4,"2":4,"3":4,"4":4,"5":4,"6":4,"7":4},"f":{},"b":{},"meta":{"lastBranch":0,"lastFunction":0,"lastStatement":8,"seen":{"s:12:13:12:28":0,"s:13:0:13:Infinity":1,"s:14:0:14:Infinity":2,"s:21:0:21:Infinity":3,"s:22:0:22:Infinity":4,"s:23:0:23:Infinity":5,"s:24:0:24:Infinity":6,"s:25:0:25:Infinity":7}}}
,"/home/usuario/grp02-medcore-api-grouph/src/index.ts": {"path":"/home/usuario/grp02-medcore-api-grouph/src/index.ts","statementMap":{"0":{"start":{"line":3,"column":13},"end":{"line":3,"column":null}},"1":{"start":{"line":5,"column":0},"end":{"line":7,"column":null}},"2":{"start":{"line":6,"column":2},"end":{"line":6,"column":null}}},"fnMap":{"0":{"name":"(anonymous_0)","decl":{"start":{"line":5,"column":11},"end":{"line":5,"column":23}},"loc":{"start":{"line":5,"column":23},"end":{"line":7,"column":null}},"line":5}},"branchMap":{"0":{"loc":{"start":{"line":3,"column":13},"end":{"line":3,"column":null}},"type":"binary-expr","locations":[{"start":{"line":3,"column":13},"end":{"line":3,"column":33}},{"start":{"line":3,"column":33},"end":{"line":3,"column":null}}],"line":3}},"s":{"0":0,"1":0,"2":0},"f":{"0":0},"b":{"0":[0,0]},"meta":{"lastBranch":1,"lastFunction":1,"lastStatement":3,"seen":{"s:3:13:3:Infinity":0,"b:3:13:3:33:3:33:3:Infinity":0,"s:5:0:7:Infinity":1,"f:5:11:5:23":0,"s:6:2:6:Infinity":2}}}
,"/home/usuario/grp02-medcore-api-grouph/src/config/swagger.ts": {"path":"/home/usuario/grp02-medcore-api-grouph/src/config/swagger.ts","statementMap":{"0":{"start":{"line":4,"column":39},"end":{"line":391,"column":null}},"1":{"start":{"line":393,"column":13},"end":{"line":393,"column":55}}},"fnMap":{},"branchMap":{},"s":{"0":4,"1":4},"f":{},"b":{},"meta":{"lastBranch":0,"lastFunction":0,"lastStatement":2,"seen":{"s:4:39:391:Infinity":0,"s:393:13:393:55":1}}}
,"/home/usuario/grp02-medcore-api-grouph/src/db/mongoose.ts": {"path":"/home/usuario/grp02-medcore-api-grouph/src/db/mongoose.ts","statementMap":{"0":{"start":{"line":3,"column":20},"end":{"line":3,"column":null}},"1":{"start":{"line":5,"column":0},"end":{"line":9,"column":null}},"2":{"start":{"line":6,"column":2},"end":{"line":6,"column":null}},"3":{"start":{"line":7,"column":2},"end":{"line":7,"column":null}},"4":{"start":{"line":9,"column":2},"end":{"line":9,"column":null}}},"fnMap":{},"branchMap":{"0":{"loc":{"start":{"line":3,"column":20},"end":{"line":3,"column":null}},"type":"binary-expr","locations":[{"start":{"line":3,"column":20},"end":{"line":3,"column":47}},{"start":{"line":3,"column":47},"end":{"line":3,"column":null}}],"line":3}},"s":{"0":4,"1":4,"2":4,"3":4,"4":0},"f":{},"b":{"0":[4,0]},"meta":{"lastBranch":1,"lastFunction":0,"lastStatement":5,"seen":{"s:3:20:3:Infinity":0,"b:3:20:3:47:3:47:3:Infinity":0,"s:5:0:9:Infinity":1,"s:6:2:6:Infinity":2,"s:7:2:7:Infinity":3,"s:9:2:9:Infinity":4}}}
,"/home/usuario/grp02-medcore-api-grouph/src/interfaces/ContactInfo.ts": {"path":"/home/usuario/grp02-medcore-api-grouph/src/interfaces/ContactInfo.ts","statementMap":{},"fnMap":{},"branchMap":{},"s":{},"f":{},"b":{},"meta":{"lastBranch":0,"lastFunction":0,"lastStatement":0,"seen":{}}}
,"/home/usuario/grp02-medcore-api-grouph/src/interfaces/Dose.ts": {"path":"/home/usuario/grp02-medcore-api-grouph/src/interfaces/Dose.ts","statementMap":{},"fnMap":{},"branchMap":{},"s":{},"f":{},"b":{},"meta":{"lastBranch":0,"lastFunction":0,"lastStatement":0,"seen":{}}}
,"/home/usuario/grp02-medcore-api-grouph/src/models/medication.ts": {"path":"/home/usuario/grp02-medcore-api-grouph/src/models/medication.ts","statementMap":{"0":{"start":{"line":28,"column":25},"end":{"line":105,"column":2}},"1":{"start":{"line":34,"column":6},"end":{"line":35,"column":null}},"2":{"start":{"line":35,"column":8},"end":{"line":35,"column":null}},"3":{"start":{"line":44,"column":6},"end":{"line":45,"column":null}},"4":{"start":{"line":45,"column":8},"end":{"line":45,"column":null}},"5":{"start":{"line":79,"column":6},"end":{"line":80,"column":null}},"6":{"start":{"line":80,"column":8},"end":{"line":80,"column":null}},"7":{"start":{"line":88,"column":6},"end":{"line":89,"column":null}},"8":{"start":{"line":89,"column":8},"end":{"line":89,"column":null}},"9":{"start":{"line":110,"column":13},"end":{"line":110,"column":92}}},"fnMap":{"0":{"name":"(anonymous_0)","decl":{"start":{"line":33,"column":4},"end":{"line":33,"column":13}},"loc":{"start":{"line":33,"column":28},"end":{"line":35,"column":null}},"line":33},"1":{"name":"(anonymous_1)","decl":{"start":{"line":43,"column":4},"end":{"line":43,"column":13}},"loc":{"start":{"line":43,"column":28},"end":{"line":45,"column":null}},"line":43},"2":{"name":"(anonymous_2)","decl":{"start":{"line":78,"column":4},"end":{"line":78,"column":13}},"loc":{"start":{"line":78,"column":28},"end":{"line":80,"column":null}},"line":78},"3":{"name":"(anonymous_3)","decl":{"start":{"line":87,"column":4},"end":{"line":87,"column":13}},"loc":{"start":{"line":87,"column":28},"end":{"line":89,"column":null}},"line":87}},"branchMap":{"0":{"loc":{"start":{"line":34,"column":6},"end":{"line":35,"column":null}},"type":"if","locations":[{"start":{"line":34,"column":6},"end":{"line":35,"column":null}},{"start":{},"end":{}}],"line":34},"1":{"loc":{"start":{"line":44,"column":6},"end":{"line":45,"column":null}},"type":"if","locations":[{"start":{"line":44,"column":6},"end":{"line":45,"column":null}},{"start":{},"end":{}}],"line":44},"2":{"loc":{"start":{"line":79,"column":6},"end":{"line":80,"column":null}},"type":"if","locations":[{"start":{"line":79,"column":6},"end":{"line":80,"column":null}},{"start":{},"end":{}}],"line":79},"3":{"loc":{"start":{"line":88,"column":6},"end":{"line":89,"column":null}},"type":"if","locations":[{"start":{"line":88,"column":6},"end":{"line":89,"column":null}},{"start":{},"end":{}}],"line":88}},"s":{"0":4,"1":37,"2":0,"3":37,"4":0,"5":37,"6":0,"7":37,"8":0,"9":4},"f":{"0":37,"1":37,"2":37,"3":37},"b":{"0":[0,37],"1":[0,37],"2":[0,37],"3":[0,37]},"meta":{"lastBranch":4,"lastFunction":4,"lastStatement":10,"seen":{"s:28:25:105:2":0,"f:33:4:33:13":0,"b:34:6:35:Infinity:undefined:undefined:undefined:undefined":0,"s:34:6:35:Infinity":1,"s:35:8:35:Infinity":2,"f:43:4:43:13":1,"b:44:6:45:Infinity:undefined:undefined:undefined:undefined":1,"s:44:6:45:Infinity":3,"s:45:8:45:Infinity":4,"f:78:4:78:13":2,"b:79:6:80:Infinity:undefined:undefined:undefined:undefined":2,"s:79:6:80:Infinity":5,"s:80:8:80:Infinity":6,"f:87:4:87:13":3,"b:88:6:89:Infinity:undefined:undefined:undefined:undefined":3,"s:88:6:89:Infinity":7,"s:89:8:89:Infinity":8,"s:110:13:110:92":9}}}
,"/home/usuario/grp02-medcore-api-grouph/src/models/patient.ts": {"path":"/home/usuario/grp02-medcore-api-grouph/src/models/patient.ts","statementMap":{"0":{"start":{"line":28,"column":30},"end":{"line":111,"column":2}},"1":{"start":{"line":39,"column":6},"end":{"line":40,"column":null}},"2":{"start":{"line":40,"column":8},"end":{"line":40,"column":null}},"3":{"start":{"line":51,"column":6},"end":{"line":52,"column":null}},"4":{"start":{"line":52,"column":8},"end":{"line":52,"column":null}},"5":{"start":{"line":82,"column":8},"end":{"line":83,"column":null}},"6":{"start":{"line":83,"column":10},"end":{"line":83,"column":null}},"7":{"start":{"line":116,"column":13},"end":{"line":116,"column":80}}},"fnMap":{"0":{"name":"(anonymous_0)","decl":{"start":{"line":38,"column":4},"end":{"line":38,"column":13}},"loc":{"start":{"line":38,"column":25},"end":{"line":40,"column":null}},"line":38},"1":{"name":"(anonymous_1)","decl":{"start":{"line":50,"column":4},"end":{"line":50,"column":15}},"loc":{"start":{"line":50,"column":32},"end":{"line":52,"column":null}},"line":50},"2":{"name":"(anonymous_2)","decl":{"start":{"line":81,"column":6},"end":{"line":81,"column":15}},"loc":{"start":{"line":81,"column":29},"end":{"line":83,"column":null}},"line":81}},"branchMap":{"0":{"loc":{"start":{"line":39,"column":6},"end":{"line":40,"column":null}},"type":"if","locations":[{"start":{"line":39,"column":6},"end":{"line":40,"column":null}},{"start":{},"end":{}}],"line":39},"1":{"loc":{"start":{"line":51,"column":6},"end":{"line":52,"column":null}},"type":"if","locations":[{"start":{"line":51,"column":6},"end":{"line":52,"column":null}},{"start":{},"end":{}}],"line":51},"2":{"loc":{"start":{"line":82,"column":8},"end":{"line":83,"column":null}},"type":"if","locations":[{"start":{"line":82,"column":8},"end":{"line":83,"column":null}},{"start":{},"end":{}}],"line":82}},"s":{"0":4,"1":35,"2":0,"3":35,"4":0,"5":39,"6":0,"7":4},"f":{"0":35,"1":35,"2":39},"b":{"0":[0,35],"1":[0,35],"2":[0,39]},"meta":{"lastBranch":3,"lastFunction":3,"lastStatement":8,"seen":{"s:28:30:111:2":0,"f:38:4:38:13":0,"b:39:6:40:Infinity:undefined:undefined:undefined:undefined":0,"s:39:6:40:Infinity":1,"s:40:8:40:Infinity":2,"f:50:4:50:15":1,"b:51:6:52:Infinity:undefined:undefined:undefined:undefined":1,"s:51:6:52:Infinity":3,"s:52:8:52:Infinity":4,"f:81:6:81:15":2,"b:82:8:83:Infinity:undefined:undefined:undefined:undefined":2,"s:82:8:83:Infinity":5,"s:83:10:83:Infinity":6,"s:116:13:116:80":7}}}
,"/home/usuario/grp02-medcore-api-grouph/src/models/record.ts": {"path":"/home/usuario/grp02-medcore-api-grouph/src/models/record.ts","statementMap":{"0":{"start":{"line":23,"column":37},"end":{"line":47,"column":2}},"1":{"start":{"line":44,"column":6},"end":{"line":44,"column":null}},"2":{"start":{"line":44,"column":24},"end":{"line":44,"column":null}},"3":{"start":{"line":68,"column":21},"end":{"line":121,"column":2}},"4":{"start":{"line":96,"column":6},"end":{"line":96,"column":null}},"5":{"start":{"line":96,"column":24},"end":{"line":96,"column":null}},"6":{"start":{"line":103,"column":6},"end":{"line":103,"column":null}},"7":{"start":{"line":103,"column":24},"end":{"line":103,"column":null}},"8":{"start":{"line":126,"column":13},"end":{"line":126,"column":76}}},"fnMap":{"0":{"name":"(anonymous_0)","decl":{"start":{"line":43,"column":4},"end":{"line":43,"column":15}},"loc":{"start":{"line":43,"column":33},"end":{"line":44,"column":null}},"line":43},"1":{"name":"(anonymous_1)","decl":{"start":{"line":95,"column":4},"end":{"line":95,"column":15}},"loc":{"start":{"line":95,"column":33},"end":{"line":96,"column":null}},"line":95},"2":{"name":"(anonymous_2)","decl":{"start":{"line":102,"column":4},"end":{"line":102,"column":15}},"loc":{"start":{"line":102,"column":33},"end":{"line":103,"column":null}},"line":102}},"branchMap":{"0":{"loc":{"start":{"line":44,"column":6},"end":{"line":44,"column":null}},"type":"if","locations":[{"start":{"line":44,"column":6},"end":{"line":44,"column":null}},{"start":{},"end":{}}],"line":44},"1":{"loc":{"start":{"line":96,"column":6},"end":{"line":96,"column":null}},"type":"if","locations":[{"start":{"line":96,"column":6},"end":{"line":96,"column":null}},{"start":{},"end":{}}],"line":96},"2":{"loc":{"start":{"line":103,"column":6},"end":{"line":103,"column":null}},"type":"if","locations":[{"start":{"line":103,"column":6},"end":{"line":103,"column":null}},{"start":{},"end":{}}],"line":103}},"s":{"0":4,"1":0,"2":0,"3":4,"4":25,"5":0,"6":25,"7":0,"8":4},"f":{"0":0,"1":25,"2":25},"b":{"0":[0,0],"1":[0,25],"2":[0,25]},"meta":{"lastBranch":3,"lastFunction":3,"lastStatement":9,"seen":{"s:23:37:47:2":0,"f:43:4:43:15":0,"b:44:6:44:Infinity:undefined:undefined:undefined:undefined":0,"s:44:6:44:Infinity":1,"s:44:24:44:Infinity":2,"s:68:21:121:2":3,"f:95:4:95:15":1,"b:96:6:96:Infinity:undefined:undefined:undefined:undefined":1,"s:96:6:96:Infinity":4,"s:96:24:96:Infinity":5,"f:102:4:102:15":2,"b:103:6:103:Infinity:undefined:undefined:undefined:undefined":2,"s:103:6:103:Infinity":6,"s:103:24:103:Infinity":7,"s:126:13:126:76":8}}}
,"/home/usuario/grp02-medcore-api-grouph/src/models/staff.ts": {"path":"/home/usuario/grp02-medcore-api-grouph/src/models/staff.ts","statementMap":{"0":{"start":{"line":27,"column":20},"end":{"line":107,"column":2}},"1":{"start":{"line":38,"column":6},"end":{"line":39,"column":null}},"2":{"start":{"line":39,"column":8},"end":{"line":39,"column":null}},"3":{"start":{"line":62,"column":6},"end":{"line":63,"column":null}},"4":{"start":{"line":63,"column":8},"end":{"line":63,"column":null}},"5":{"start":{"line":71,"column":6},"end":{"line":72,"column":null}},"6":{"start":{"line":72,"column":8},"end":{"line":72,"column":null}},"7":{"start":{"line":85,"column":8},"end":{"line":86,"column":null}},"8":{"start":{"line":86,"column":10},"end":{"line":86,"column":null}},"9":{"start":{"line":96,"column":8},"end":{"line":97,"column":null}},"10":{"start":{"line":97,"column":10},"end":{"line":97,"column":null}},"11":{"start":{"line":112,"column":13},"end":{"line":112,"column":72}}},"fnMap":{"0":{"name":"(anonymous_0)","decl":{"start":{"line":37,"column":4},"end":{"line":37,"column":13}},"loc":{"start":{"line":37,"column":28},"end":{"line":39,"column":null}},"line":37},"1":{"name":"(anonymous_1)","decl":{"start":{"line":61,"column":4},"end":{"line":61,"column":13}},"loc":{"start":{"line":61,"column":28},"end":{"line":63,"column":null}},"line":61},"2":{"name":"(anonymous_2)","decl":{"start":{"line":70,"column":4},"end":{"line":70,"column":13}},"loc":{"start":{"line":70,"column":28},"end":{"line":72,"column":null}},"line":70},"3":{"name":"(anonymous_3)","decl":{"start":{"line":84,"column":6},"end":{"line":84,"column":15}},"loc":{"start":{"line":84,"column":30},"end":{"line":86,"column":null}},"line":84},"4":{"name":"(anonymous_4)","decl":{"start":{"line":95,"column":6},"end":{"line":95,"column":15}},"loc":{"start":{"line":95,"column":30},"end":{"line":97,"column":null}},"line":95}},"branchMap":{"0":{"loc":{"start":{"line":38,"column":6},"end":{"line":39,"column":null}},"type":"if","locations":[{"start":{"line":38,"column":6},"end":{"line":39,"column":null}},{"start":{},"end":{}}],"line":38},"1":{"loc":{"start":{"line":62,"column":6},"end":{"line":63,"column":null}},"type":"if","locations":[{"start":{"line":62,"column":6},"end":{"line":63,"column":null}},{"start":{},"end":{}}],"line":62},"2":{"loc":{"start":{"line":71,"column":6},"end":{"line":72,"column":null}},"type":"if","locations":[{"start":{"line":71,"column":6},"end":{"line":72,"column":null}},{"start":{},"end":{}}],"line":71},"3":{"loc":{"start":{"line":85,"column":8},"end":{"line":86,"column":null}},"type":"if","locations":[{"start":{"line":85,"column":8},"end":{"line":86,"column":null}},{"start":{},"end":{}}],"line":85},"4":{"loc":{"start":{"line":96,"column":8},"end":{"line":97,"column":null}},"type":"if","locations":[{"start":{"line":96,"column":8},"end":{"line":97,"column":null}},{"start":{},"end":{}}],"line":96}},"s":{"0":4,"1":56,"2":1,"3":56,"4":0,"5":60,"6":0,"7":54,"8":0,"9":54,"10":0,"11":4},"f":{"0":56,"1":56,"2":60,"3":54,"4":54},"b":{"0":[1,55],"1":[0,56],"2":[0,60],"3":[0,54],"4":[0,54]},"meta":{"lastBranch":5,"lastFunction":5,"lastStatement":12,"seen":{"s:27:20:107:2":0,"f:37:4:37:13":0,"b:38:6:39:Infinity:undefined:undefined:undefined:undefined":0,"s:38:6:39:Infinity":1,"s:39:8:39:Infinity":2,"f:61:4:61:13":1,"b:62:6:63:Infinity:undefined:undefined:undefined:undefined":1,"s:62:6:63:Infinity":3,"s:63:8:63:Infinity":4,"f:70:4:70:13":2,"b:71:6:72:Infinity:undefined:undefined:undefined:undefined":2,"s:71:6:72:Infinity":5,"s:72:8:72:Infinity":6,"f:84:6:84:15":3,"b:85:8:86:Infinity:undefined:undefined:undefined:undefined":3,"s:85:8:86:Infinity":7,"s:86:10:86:Infinity":8,"f:95:6:95:15":4,"b:96:8:97:Infinity:undefined:undefined:undefined:undefined":4,"s:96:8:97:Infinity":9,"s:97:10:97:Infinity":10,"s:112:13:112:72":11}}}
,"/home/usuario/grp02-medcore-api-grouph/src/routers/default.ts": {"path":"/home/usuario/grp02-medcore-api-grouph/src/routers/default.ts","statementMap":{"0":{"start":{"line":3,"column":29},"end":{"line":3,"column":45}},"1":{"start":{"line":5,"column":0},"end":{"line":7,"column":null}},"2":{"start":{"line":6,"column":2},"end":{"line":6,"column":null}}},"fnMap":{"0":{"name":"(anonymous_0)","decl":{"start":{"line":5,"column":14},"end":{"line":5,"column":19}},"loc":{"start":{"line":5,"column":30},"end":{"line":7,"column":null}},"line":5}},"branchMap":{},"s":{"0":4,"1":4,"2":0},"f":{"0":0},"b":{},"meta":{"lastBranch":0,"lastFunction":1,"lastStatement":3,"seen":{"s:3:29:3:45":0,"s:5:0:7:Infinity":1,"f:5:14:5:19":0,"s:6:2:6:Infinity":2}}}
,"/home/usuario/grp02-medcore-api-grouph/src/routers/medication.ts": {"path":"/home/usuario/grp02-medcore-api-grouph/src/routers/medication.ts","statementMap":{"0":{"start":{"line":6,"column":32},"end":{"line":6,"column":48}},"1":{"start":{"line":40,"column":0},"end":{"line":49,"column":null}},"2":{"start":{"line":41,"column":21},"end":{"line":41,"column":45}},"3":{"start":{"line":43,"column":2},"end":{"line":47,"column":null}},"4":{"start":{"line":44,"column":4},"end":{"line":44,"column":null}},"5":{"start":{"line":45,"column":4},"end":{"line":45,"column":null}},"6":{"start":{"line":47,"column":4},"end":{"line":47,"column":null}},"7":{"start":{"line":84,"column":0},"end":{"line":97,"column":null}},"8":{"start":{"line":85,"column":2},"end":{"line":95,"column":null}},"9":{"start":{"line":86,"column":23},"end":{"line":86,"column":63}},"10":{"start":{"line":88,"column":4},"end":{"line":91,"column":null}},"11":{"start":{"line":89,"column":6},"end":{"line":89,"column":null}},"12":{"start":{"line":91,"column":6},"end":{"line":91,"column":null}},"13":{"start":{"line":95,"column":4},"end":{"line":95,"column":null}},"14":{"start":{"line":143,"column":0},"end":{"line":164,"column":null}},"15":{"start":{"line":145,"column":33},"end":{"line":145,"column":35}},"16":{"start":{"line":147,"column":2},"end":{"line":147,"column":null}},"17":{"start":{"line":147,"column":31},"end":{"line":147,"column":null}},"18":{"start":{"line":148,"column":2},"end":{"line":148,"column":null}},"19":{"start":{"line":148,"column":25},"end":{"line":148,"column":null}},"20":{"start":{"line":149,"column":2},"end":{"line":149,"column":null}},"21":{"start":{"line":149,"column":30},"end":{"line":149,"column":null}},"22":{"start":{"line":152,"column":2},"end":{"line":162,"column":null}},"23":{"start":{"line":153,"column":23},"end":{"line":153,"column":52}},"24":{"start":{"line":155,"column":4},"end":{"line":158,"column":null}},"25":{"start":{"line":156,"column":6},"end":{"line":156,"column":null}},"26":{"start":{"line":158,"column":6},"end":{"line":158,"column":null}},"27":{"start":{"line":162,"column":4},"end":{"line":162,"column":null}},"28":{"start":{"line":215,"column":0},"end":{"line":255,"column":null}},"29":{"start":{"line":216,"column":2},"end":{"line":250,"column":null}},"30":{"start":{"line":217,"column":4},"end":{"line":217,"column":null}},"31":{"start":{"line":218,"column":13},"end":{"line":250,"column":null}},"32":{"start":{"line":219,"column":4},"end":{"line":219,"column":null}},"33":{"start":{"line":223,"column":27},"end":{"line":223,"column":null}},"34":{"start":{"line":224,"column":26},"end":{"line":224,"column":47}},"35":{"start":{"line":225,"column":26},"end":{"line":226,"column":null}},"36":{"start":{"line":226,"column":6},"end":{"line":226,"column":37}},"37":{"start":{"line":229,"column":4},"end":{"line":250,"column":null}},"38":{"start":{"line":230,"column":6},"end":{"line":230,"column":null}},"39":{"start":{"line":234,"column":6},"end":{"line":250,"column":null}},"40":{"start":{"line":235,"column":27},"end":{"line":241,"column":null}},"41":{"start":{"line":244,"column":8},"end":{"line":247,"column":null}},"42":{"start":{"line":245,"column":10},"end":{"line":245,"column":null}},"43":{"start":{"line":247,"column":10},"end":{"line":247,"column":null}},"44":{"start":{"line":250,"column":8},"end":{"line":250,"column":null}},"45":{"start":{"line":317,"column":0},"end":{"line":362,"column":null}},"46":{"start":{"line":318,"column":2},"end":{"line":357,"column":null}},"47":{"start":{"line":319,"column":4},"end":{"line":319,"column":null}},"48":{"start":{"line":323,"column":27},"end":{"line":323,"column":null}},"49":{"start":{"line":324,"column":26},"end":{"line":324,"column":47}},"50":{"start":{"line":325,"column":26},"end":{"line":326,"column":null}},"51":{"start":{"line":326,"column":6},"end":{"line":326,"column":37}},"52":{"start":{"line":329,"column":4},"end":{"line":357,"column":null}},"53":{"start":{"line":330,"column":6},"end":{"line":330,"column":null}},"54":{"start":{"line":334,"column":33},"end":{"line":334,"column":35}},"55":{"start":{"line":336,"column":2},"end":{"line":336,"column":null}},"56":{"start":{"line":336,"column":31},"end":{"line":336,"column":null}},"57":{"start":{"line":337,"column":2},"end":{"line":337,"column":null}},"58":{"start":{"line":337,"column":25},"end":{"line":337,"column":null}},"59":{"start":{"line":338,"column":2},"end":{"line":338,"column":null}},"60":{"start":{"line":338,"column":30},"end":{"line":338,"column":null}},"61":{"start":{"line":341,"column":6},"end":{"line":357,"column":null}},"62":{"start":{"line":342,"column":27},"end":{"line":348,"column":null}},"63":{"start":{"line":351,"column":8},"end":{"line":354,"column":null}},"64":{"start":{"line":352,"column":10},"end":{"line":352,"column":null}},"65":{"start":{"line":354,"column":10},"end":{"line":354,"column":null}},"66":{"start":{"line":357,"column":8},"end":{"line":357,"column":null}},"67":{"start":{"line":405,"column":0},"end":{"line":431,"column":null}},"68":{"start":{"line":406,"column":2},"end":{"line":428,"column":null}},"69":{"start":{"line":407,"column":4},"end":{"line":407,"column":null}},"70":{"start":{"line":409,"column":4},"end":{"line":428,"column":null}},"71":{"start":{"line":412,"column":34},"end":{"line":415,"column":8}},"72":{"start":{"line":417,"column":6},"end":{"line":424,"column":null}},"73":{"start":{"line":418,"column":8},"end":{"line":418,"column":null}},"74":{"start":{"line":420,"column":27},"end":{"line":420,"column":76}},"75":{"start":{"line":421,"column":8},"end":{"line":424,"column":null}},"76":{"start":{"line":422,"column":10},"end":{"line":422,"column":null}},"77":{"start":{"line":424,"column":10},"end":{"line":424,"column":null}},"78":{"start":{"line":428,"column":6},"end":{"line":428,"column":null}},"79":{"start":{"line":499,"column":0},"end":{"line":530,"column":null}},"80":{"start":{"line":501,"column":35},"end":{"line":501,"column":37}},"81":{"start":{"line":503,"column":4},"end":{"line":503,"column":null}},"82":{"start":{"line":503,"column":33},"end":{"line":503,"column":null}},"83":{"start":{"line":504,"column":4},"end":{"line":504,"column":null}},"84":{"start":{"line":504,"column":27},"end":{"line":504,"column":null}},"85":{"start":{"line":505,"column":4},"end":{"line":505,"column":null}},"86":{"start":{"line":505,"column":32},"end":{"line":505,"column":null}},"87":{"start":{"line":506,"column":4},"end":{"line":530,"column":null}},"88":{"start":{"line":509,"column":19},"end":{"line":509,"column":48}},"89":{"start":{"line":510,"column":22},"end":{"line":510,"column":48}},"90":{"start":{"line":510,"column":40},"end":{"line":510,"column":48}},"91":{"start":{"line":514,"column":34},"end":{"line":517,"column":8}},"92":{"start":{"line":519,"column":6},"end":{"line":526,"column":null}},"93":{"start":{"line":520,"column":8},"end":{"line":520,"column":null}},"94":{"start":{"line":522,"column":27},"end":{"line":522,"column":62}},"95":{"start":{"line":523,"column":8},"end":{"line":526,"column":null}},"96":{"start":{"line":524,"column":10},"end":{"line":524,"column":null}},"97":{"start":{"line":526,"column":10},"end":{"line":526,"column":null}},"98":{"start":{"line":530,"column":6},"end":{"line":530,"column":null}}},"fnMap":{"0":{"name":"(anonymous_0)","decl":{"start":{"line":40,"column":37},"end":{"line":40,"column":44}},"loc":{"start":{"line":40,"column":57},"end":{"line":49,"column":null}},"line":40},"1":{"name":"(anonymous_1)","decl":{"start":{"line":84,"column":40},"end":{"line":84,"column":47}},"loc":{"start":{"line":84,"column":60},"end":{"line":97,"column":null}},"line":84},"2":{"name":"(anonymous_2)","decl":{"start":{"line":143,"column":36},"end":{"line":143,"column":43}},"loc":{"start":{"line":143,"column":56},"end":{"line":164,"column":null}},"line":143},"3":{"name":"(anonymous_3)","decl":{"start":{"line":215,"column":42},"end":{"line":215,"column":49}},"loc":{"start":{"line":215,"column":62},"end":{"line":255,"column":null}},"line":215},"4":{"name":"(anonymous_4)","decl":{"start":{"line":225,"column":40},"end":{"line":225,"column":47}},"loc":{"start":{"line":226,"column":6},"end":{"line":226,"column":37}},"line":226},"5":{"name":"(anonymous_5)","decl":{"start":{"line":317,"column":38},"end":{"line":317,"column":45}},"loc":{"start":{"line":317,"column":58},"end":{"line":362,"column":null}},"line":317},"6":{"name":"(anonymous_6)","decl":{"start":{"line":325,"column":40},"end":{"line":325,"column":47}},"loc":{"start":{"line":326,"column":6},"end":{"line":326,"column":37}},"line":326},"7":{"name":"(anonymous_7)","decl":{"start":{"line":405,"column":43},"end":{"line":405,"column":50}},"loc":{"start":{"line":405,"column":63},"end":{"line":431,"column":null}},"line":405},"8":{"name":"(anonymous_8)","decl":{"start":{"line":499,"column":39},"end":{"line":499,"column":46}},"loc":{"start":{"line":499,"column":59},"end":{"line":530,"column":null}},"line":499},"9":{"name":"(anonymous_9)","decl":{"start":{"line":510,"column":27},"end":{"line":510,"column":32}},"loc":{"start":{"line":510,"column":40},"end":{"line":510,"column":48}},"line":510}},"branchMap":{"0":{"loc":{"start":{"line":88,"column":4},"end":{"line":91,"column":null}},"type":"if","locations":[{"start":{"line":88,"column":4},"end":{"line":91,"column":null}},{"start":{"line":90,"column":11},"end":{"line":91,"column":null}}],"line":88},"1":{"loc":{"start":{"line":147,"column":2},"end":{"line":147,"column":null}},"type":"if","locations":[{"start":{"line":147,"column":2},"end":{"line":147,"column":null}},{"start":{},"end":{}}],"line":147},"2":{"loc":{"start":{"line":148,"column":2},"end":{"line":148,"column":null}},"type":"if","locations":[{"start":{"line":148,"column":2},"end":{"line":148,"column":null}},{"start":{},"end":{}}],"line":148},"3":{"loc":{"start":{"line":149,"column":2},"end":{"line":149,"column":null}},"type":"if","locations":[{"start":{"line":149,"column":2},"end":{"line":149,"column":null}},{"start":{},"end":{}}],"line":149},"4":{"loc":{"start":{"line":155,"column":4},"end":{"line":158,"column":null}},"type":"if","locations":[{"start":{"line":155,"column":4},"end":{"line":158,"column":null}},{"start":{"line":157,"column":11},"end":{"line":158,"column":null}}],"line":155},"5":{"loc":{"start":{"line":216,"column":2},"end":{"line":250,"column":null}},"type":"if","locations":[{"start":{"line":216,"column":2},"end":{"line":250,"column":null}},{"start":{"line":218,"column":13},"end":{"line":250,"column":null}}],"line":216},"6":{"loc":{"start":{"line":218,"column":13},"end":{"line":250,"column":null}},"type":"if","locations":[{"start":{"line":218,"column":13},"end":{"line":250,"column":null}},{"start":{"line":220,"column":9},"end":{"line":250,"column":null}}],"line":218},"7":{"loc":{"start":{"line":229,"column":4},"end":{"line":250,"column":null}},"type":"if","locations":[{"start":{"line":229,"column":4},"end":{"line":250,"column":null}},{"start":{"line":231,"column":11},"end":{"line":250,"column":null}}],"line":229},"8":{"loc":{"start":{"line":244,"column":8},"end":{"line":247,"column":null}},"type":"if","locations":[{"start":{"line":244,"column":8},"end":{"line":247,"column":null}},{"start":{"line":246,"column":15},"end":{"line":247,"column":null}}],"line":244},"9":{"loc":{"start":{"line":318,"column":2},"end":{"line":357,"column":null}},"type":"if","locations":[{"start":{"line":318,"column":2},"end":{"line":357,"column":null}},{"start":{"line":320,"column":9},"end":{"line":357,"column":null}}],"line":318},"10":{"loc":{"start":{"line":329,"column":4},"end":{"line":357,"column":null}},"type":"if","locations":[{"start":{"line":329,"column":4},"end":{"line":357,"column":null}},{"start":{"line":331,"column":11},"end":{"line":357,"column":null}}],"line":329},"11":{"loc":{"start":{"line":336,"column":2},"end":{"line":336,"column":null}},"type":"if","locations":[{"start":{"line":336,"column":2},"end":{"line":336,"column":null}},{"start":{},"end":{}}],"line":336},"12":{"loc":{"start":{"line":337,"column":2},"end":{"line":337,"column":null}},"type":"if","locations":[{"start":{"line":337,"column":2},"end":{"line":337,"column":null}},{"start":{},"end":{}}],"line":337},"13":{"loc":{"start":{"line":338,"column":2},"end":{"line":338,"column":null}},"type":"if","locations":[{"start":{"line":338,"column":2},"end":{"line":338,"column":null}},{"start":{},"end":{}}],"line":338},"14":{"loc":{"start":{"line":351,"column":8},"end":{"line":354,"column":null}},"type":"if","locations":[{"start":{"line":351,"column":8},"end":{"line":354,"column":null}},{"start":{"line":353,"column":15},"end":{"line":354,"column":null}}],"line":351},"15":{"loc":{"start":{"line":406,"column":2},"end":{"line":428,"column":null}},"type":"if","locations":[{"start":{"line":406,"column":2},"end":{"line":428,"column":null}},{"start":{"line":408,"column":9},"end":{"line":428,"column":null}}],"line":406},"16":{"loc":{"start":{"line":417,"column":6},"end":{"line":424,"column":null}},"type":"if","locations":[{"start":{"line":417,"column":6},"end":{"line":424,"column":null}},{"start":{"line":419,"column":13},"end":{"line":424,"column":null}}],"line":417},"17":{"loc":{"start":{"line":421,"column":8},"end":{"line":424,"column":null}},"type":"if","locations":[{"start":{"line":421,"column":8},"end":{"line":424,"column":null}},{"start":{"line":423,"column":15},"end":{"line":424,"column":null}}],"line":421},"18":{"loc":{"start":{"line":503,"column":4},"end":{"line":503,"column":null}},"type":"if","locations":[{"start":{"line":503,"column":4},"end":{"line":503,"column":null}},{"start":{},"end":{}}],"line":503},"19":{"loc":{"start":{"line":504,"column":4},"end":{"line":504,"column":null}},"type":"if","locations":[{"start":{"line":504,"column":4},"end":{"line":504,"column":null}},{"start":{},"end":{}}],"line":504},"20":{"loc":{"start":{"line":505,"column":4},"end":{"line":505,"column":null}},"type":"if","locations":[{"start":{"line":505,"column":4},"end":{"line":505,"column":null}},{"start":{},"end":{}}],"line":505},"21":{"loc":{"start":{"line":519,"column":6},"end":{"line":526,"column":null}},"type":"if","locations":[{"start":{"line":519,"column":6},"end":{"line":526,"column":null}},{"start":{"line":521,"column":13},"end":{"line":526,"column":null}}],"line":519},"22":{"loc":{"start":{"line":523,"column":8},"end":{"line":526,"column":null}},"type":"if","locations":[{"start":{"line":523,"column":8},"end":{"line":526,"column":null}},{"start":{"line":525,"column":15},"end":{"line":526,"column":null}}],"line":523}},"s":{"0":4,"1":4,"2":2,"3":2,"4":2,"5":1,"6":1,"7":4,"8":1,"9":1,"10":1,"11":0,"12":1,"13":0,"14":4,"15":8,"16":8,"17":5,"18":8,"19":2,"20":8,"21":2,"22":8,"23":8,"24":8,"25":0,"26":8,"27":0,"28":4,"29":1,"30":0,"31":1,"32":0,"33":1,"34":1,"35":1,"36":1,"37":1,"38":0,"39":1,"40":1,"41":1,"42":1,"43":0,"44":0,"45":4,"46":5,"47":0,"48":5,"49":5,"50":5,"51":5,"52":5,"53":1,"54":4,"55":4,"56":2,"57":4,"58":2,"59":4,"60":2,"61":4,"62":4,"63":4,"64":4,"65":0,"66":0,"67":4,"68":1,"69":0,"70":1,"71":1,"72":1,"73":0,"74":1,"75":1,"76":0,"77":1,"78":0,"79":4,"80":4,"81":4,"82":2,"83":4,"84":2,"85":4,"86":2,"87":4,"88":4,"89":4,"90":2,"91":4,"92":4,"93":0,"94":4,"95":4,"96":0,"97":4,"98":0},"f":{"0":2,"1":1,"2":8,"3":1,"4":1,"5":5,"6":5,"7":1,"8":4,"9":2},"b":{"0":[0,1],"1":[5,3],"2":[2,6],"3":[2,6],"4":[0,8],"5":[0,1],"6":[0,1],"7":[0,1],"8":[1,0],"9":[0,5],"10":[1,4],"11":[2,2],"12":[2,2],"13":[2,2],"14":[4,0],"15":[0,1],"16":[0,1],"17":[0,1],"18":[2,2],"19":[2,2],"20":[2,2],"21":[0,4],"22":[0,4]},"meta":{"lastBranch":23,"lastFunction":10,"lastStatement":99,"seen":{"s:6:32:6:48":0,"s:40:0:49:Infinity":1,"f:40:37:40:44":0,"s:41:21:41:45":2,"s:43:2:47:Infinity":3,"s:44:4:44:Infinity":4,"s:45:4:45:Infinity":5,"s:47:4:47:Infinity":6,"s:84:0:97:Infinity":7,"f:84:40:84:47":1,"s:85:2:95:Infinity":8,"s:86:23:86:63":9,"b:88:4:91:Infinity:90:11:91:Infinity":0,"s:88:4:91:Infinity":10,"s:89:6:89:Infinity":11,"s:91:6:91:Infinity":12,"s:95:4:95:Infinity":13,"s:143:0:164:Infinity":14,"f:143:36:143:43":2,"s:145:33:145:35":15,"b:147:2:147:Infinity:undefined:undefined:undefined:undefined":1,"s:147:2:147:Infinity":16,"s:147:31:147:Infinity":17,"b:148:2:148:Infinity:undefined:undefined:undefined:undefined":2,"s:148:2:148:Infinity":18,"s:148:25:148:Infinity":19,"b:149:2:149:Infinity:undefined:undefined:undefined:undefined":3,"s:149:2:149:Infinity":20,"s:149:30:149:Infinity":21,"s:152:2:162:Infinity":22,"s:153:23:153:52":23,"b:155:4:158:Infinity:157:11:158:Infinity":4,"s:155:4:158:Infinity":24,"s:156:6:156:Infinity":25,"s:158:6:158:Infinity":26,"s:162:4:162:Infinity":27,"s:215:0:255:Infinity":28,"f:215:42:215:49":3,"b:216:2:250:Infinity:218:13:250:Infinity":5,"s:216:2:250:Infinity":29,"s:217:4:217:Infinity":30,"b:218:13:250:Infinity:220:9:250:Infinity":6,"s:218:13:250:Infinity":31,"s:219:4:219:Infinity":32,"s:223:27:223:Infinity":33,"s:224:26:224:47":34,"s:225:26:226:Infinity":35,"f:225:40:225:47":4,"s:226:6:226:37":36,"b:229:4:250:Infinity:231:11:250:Infinity":7,"s:229:4:250:Infinity":37,"s:230:6:230:Infinity":38,"s:234:6:250:Infinity":39,"s:235:27:241:Infinity":40,"b:244:8:247:Infinity:246:15:247:Infinity":8,"s:244:8:247:Infinity":41,"s:245:10:245:Infinity":42,"s:247:10:247:Infinity":43,"s:250:8:250:Infinity":44,"s:317:0:362:Infinity":45,"f:317:38:317:45":5,"b:318:2:357:Infinity:320:9:357:Infinity":9,"s:318:2:357:Infinity":46,"s:319:4:319:Infinity":47,"s:323:27:323:Infinity":48,"s:324:26:324:47":49,"s:325:26:326:Infinity":50,"f:325:40:325:47":6,"s:326:6:326:37":51,"b:329:4:357:Infinity:331:11:357:Infinity":10,"s:329:4:357:Infinity":52,"s:330:6:330:Infinity":53,"s:334:33:334:35":54,"b:336:2:336:Infinity:undefined:undefined:undefined:undefined":11,"s:336:2:336:Infinity":55,"s:336:31:336:Infinity":56,"b:337:2:337:Infinity:undefined:undefined:undefined:undefined":12,"s:337:2:337:Infinity":57,"s:337:25:337:Infinity":58,"b:338:2:338:Infinity:undefined:undefined:undefined:undefined":13,"s:338:2:338:Infinity":59,"s:338:30:338:Infinity":60,"s:341:6:357:Infinity":61,"s:342:27:348:Infinity":62,"b:351:8:354:Infinity:353:15:354:Infinity":14,"s:351:8:354:Infinity":63,"s:352:10:352:Infinity":64,"s:354:10:354:Infinity":65,"s:357:8:357:Infinity":66,"s:405:0:431:Infinity":67,"f:405:43:405:50":7,"b:406:2:428:Infinity:408:9:428:Infinity":15,"s:406:2:428:Infinity":68,"s:407:4:407:Infinity":69,"s:409:4:428:Infinity":70,"s:412:34:415:8":71,"b:417:6:424:Infinity:419:13:424:Infinity":16,"s:417:6:424:Infinity":72,"s:418:8:418:Infinity":73,"s:420:27:420:76":74,"b:421:8:424:Infinity:423:15:424:Infinity":17,"s:421:8:424:Infinity":75,"s:422:10:422:Infinity":76,"s:424:10:424:Infinity":77,"s:428:6:428:Infinity":78,"s:499:0:530:Infinity":79,"f:499:39:499:46":8,"s:501:35:501:37":80,"b:503:4:503:Infinity:undefined:undefined:undefined:undefined":18,"s:503:4:503:Infinity":81,"s:503:33:503:Infinity":82,"b:504:4:504:Infinity:undefined:undefined:undefined:undefined":19,"s:504:4:504:Infinity":83,"s:504:27:504:Infinity":84,"b:505:4:505:Infinity:undefined:undefined:undefined:undefined":20,"s:505:4:505:Infinity":85,"s:505:32:505:Infinity":86,"s:506:4:530:Infinity":87,"s:509:19:509:48":88,"s:510:22:510:48":89,"f:510:27:510:32":9,"s:510:40:510:48":90,"s:514:34:517:8":91,"b:519:6:526:Infinity:521:13:526:Infinity":21,"s:519:6:526:Infinity":92,"s:520:8:520:Infinity":93,"s:522:27:522:62":94,"b:523:8:526:Infinity:525:15:526:Infinity":22,"s:523:8:526:Infinity":95,"s:524:10:524:Infinity":96,"s:526:10:526:Infinity":97,"s:530:6:530:Infinity":98}}}
,"/home/usuario/grp02-medcore-api-grouph/src/routers/patient.ts": {"path":"/home/usuario/grp02-medcore-api-grouph/src/routers/patient.ts","statementMap":{"0":{"start":{"line":6,"column":29},"end":{"line":6,"column":45}},"1":{"start":{"line":34,"column":0},"end":{"line":42,"column":null}},"2":{"start":{"line":35,"column":18},"end":{"line":35,"column":39}},"3":{"start":{"line":36,"column":2},"end":{"line":40,"column":null}},"4":{"start":{"line":37,"column":4},"end":{"line":37,"column":null}},"5":{"start":{"line":38,"column":4},"end":{"line":38,"column":null}},"6":{"start":{"line":40,"column":4},"end":{"line":40,"column":null}},"7":{"start":{"line":83,"column":0},"end":{"line":100,"column":null}},"8":{"start":{"line":84,"column":32},"end":{"line":84,"column":34}},"9":{"start":{"line":86,"column":4},"end":{"line":86,"column":null}},"10":{"start":{"line":86,"column":24},"end":{"line":86,"column":null}},"11":{"start":{"line":87,"column":4},"end":{"line":87,"column":null}},"12":{"start":{"line":87,"column":40},"end":{"line":87,"column":null}},"13":{"start":{"line":89,"column":4},"end":{"line":98,"column":null}},"14":{"start":{"line":90,"column":22},"end":{"line":90,"column":48}},"15":{"start":{"line":92,"column":6},"end":{"line":95,"column":null}},"16":{"start":{"line":93,"column":7},"end":{"line":93,"column":null}},"17":{"start":{"line":95,"column":8},"end":{"line":95,"column":null}},"18":{"start":{"line":98,"column":6},"end":{"line":98,"column":null}},"19":{"start":{"line":136,"column":0},"end":{"line":147,"column":null}},"20":{"start":{"line":137,"column":2},"end":{"line":145,"column":null}},"21":{"start":{"line":138,"column":20},"end":{"line":138,"column":57}},"22":{"start":{"line":139,"column":4},"end":{"line":142,"column":null}},"23":{"start":{"line":140,"column":6},"end":{"line":140,"column":null}},"24":{"start":{"line":142,"column":6},"end":{"line":142,"column":null}},"25":{"start":{"line":145,"column":4},"end":{"line":145,"column":null}},"26":{"start":{"line":215,"column":1},"end":{"line":248,"column":null}},"27":{"start":{"line":216,"column":3},"end":{"line":244,"column":null}},"28":{"start":{"line":217,"column":6},"end":{"line":217,"column":null}},"29":{"start":{"line":219,"column":29},"end":{"line":219,"column":null}},"30":{"start":{"line":220,"column":28},"end":{"line":220,"column":49}},"31":{"start":{"line":221,"column":28},"end":{"line":223,"column":null}},"32":{"start":{"line":222,"column":6},"end":{"line":222,"column":null}},"33":{"start":{"line":224,"column":3},"end":{"line":244,"column":null}},"34":{"start":{"line":225,"column":5},"end":{"line":225,"column":null}},"35":{"start":{"line":227,"column":33},"end":{"line":227,"column":35}},"36":{"start":{"line":229,"column":6},"end":{"line":229,"column":null}},"37":{"start":{"line":229,"column":26},"end":{"line":229,"column":null}},"38":{"start":{"line":230,"column":6},"end":{"line":230,"column":null}},"39":{"start":{"line":230,"column":42},"end":{"line":230,"column":null}},"40":{"start":{"line":232,"column":6},"end":{"line":244,"column":null}},"41":{"start":{"line":233,"column":24},"end":{"line":236,"column":null}},"42":{"start":{"line":238,"column":8},"end":{"line":241,"column":null}},"43":{"start":{"line":239,"column":10},"end":{"line":239,"column":null}},"44":{"start":{"line":241,"column":10},"end":{"line":241,"column":null}},"45":{"start":{"line":244,"column":10},"end":{"line":244,"column":null}},"46":{"start":{"line":316,"column":0},"end":{"line":349,"column":null}},"47":{"start":{"line":317,"column":2},"end":{"line":345,"column":null}},"48":{"start":{"line":318,"column":4},"end":{"line":318,"column":null}},"49":{"start":{"line":319,"column":13},"end":{"line":345,"column":null}},"50":{"start":{"line":320,"column":4},"end":{"line":320,"column":null}},"51":{"start":{"line":322,"column":29},"end":{"line":322,"column":null}},"52":{"start":{"line":323,"column":28},"end":{"line":323,"column":49}},"53":{"start":{"line":324,"column":28},"end":{"line":326,"column":null}},"54":{"start":{"line":325,"column":8},"end":{"line":325,"column":null}},"55":{"start":{"line":328,"column":6},"end":{"line":345,"column":null}},"56":{"start":{"line":329,"column":8},"end":{"line":329,"column":null}},"57":{"start":{"line":332,"column":8},"end":{"line":345,"column":null}},"58":{"start":{"line":333,"column":26},"end":{"line":336,"column":null}},"59":{"start":{"line":339,"column":10},"end":{"line":342,"column":null}},"60":{"start":{"line":340,"column":12},"end":{"line":340,"column":null}},"61":{"start":{"line":342,"column":12},"end":{"line":342,"column":null}},"62":{"start":{"line":345,"column":10},"end":{"line":345,"column":null}},"63":{"start":{"line":391,"column":2},"end":{"line":407,"column":null}},"64":{"start":{"line":392,"column":4},"end":{"line":393,"column":null}},"65":{"start":{"line":393,"column":6},"end":{"line":393,"column":null}},"66":{"start":{"line":396,"column":4},"end":{"line":405,"column":null}},"67":{"start":{"line":397,"column":22},"end":{"line":397,"column":109}},"68":{"start":{"line":398,"column":6},"end":{"line":399,"column":null}},"69":{"start":{"line":399,"column":8},"end":{"line":399,"column":null}},"70":{"start":{"line":401,"column":6},"end":{"line":401,"column":null}},"71":{"start":{"line":402,"column":6},"end":{"line":402,"column":null}},"72":{"start":{"line":403,"column":6},"end":{"line":403,"column":null}},"73":{"start":{"line":405,"column":6},"end":{"line":405,"column":null}},"74":{"start":{"line":449,"column":2},"end":{"line":460,"column":null}},"75":{"start":{"line":450,"column":4},"end":{"line":458,"column":null}},"76":{"start":{"line":451,"column":6},"end":{"line":451,"column":null}},"77":{"start":{"line":452,"column":22},"end":{"line":452,"column":68}},"78":{"start":{"line":453,"column":6},"end":{"line":454,"column":null}},"79":{"start":{"line":454,"column":8},"end":{"line":454,"column":null}},"80":{"start":{"line":456,"column":6},"end":{"line":456,"column":null}},"81":{"start":{"line":458,"column":6},"end":{"line":458,"column":null}}},"fnMap":{"0":{"name":"(anonymous_0)","decl":{"start":{"line":34,"column":32},"end":{"line":34,"column":39}},"loc":{"start":{"line":34,"column":52},"end":{"line":42,"column":null}},"line":34},"1":{"name":"(anonymous_1)","decl":{"start":{"line":83,"column":31},"end":{"line":83,"column":38}},"loc":{"start":{"line":83,"column":51},"end":{"line":100,"column":null}},"line":83},"2":{"name":"(anonymous_2)","decl":{"start":{"line":136,"column":35},"end":{"line":136,"column":42}},"loc":{"start":{"line":136,"column":55},"end":{"line":147,"column":null}},"line":136},"3":{"name":"(anonymous_3)","decl":{"start":{"line":215,"column":34},"end":{"line":215,"column":41}},"loc":{"start":{"line":215,"column":54},"end":{"line":248,"column":null}},"line":215},"4":{"name":"(anonymous_4)","decl":{"start":{"line":221,"column":42},"end":{"line":221,"column":49}},"loc":{"start":{"line":221,"column":60},"end":{"line":223,"column":null}},"line":221},"5":{"name":"(anonymous_5)","decl":{"start":{"line":316,"column":37},"end":{"line":316,"column":44}},"loc":{"start":{"line":316,"column":57},"end":{"line":349,"column":null}},"line":316},"6":{"name":"(anonymous_6)","decl":{"start":{"line":324,"column":42},"end":{"line":324,"column":49}},"loc":{"start":{"line":324,"column":61},"end":{"line":326,"column":null}},"line":324},"7":{"name":"(anonymous_7)","decl":{"start":{"line":391,"column":37},"end":{"line":391,"column":44}},"loc":{"start":{"line":391,"column":57},"end":{"line":407,"column":null}},"line":391},"8":{"name":"(anonymous_8)","decl":{"start":{"line":449,"column":40},"end":{"line":449,"column":47}},"loc":{"start":{"line":449,"column":60},"end":{"line":460,"column":null}},"line":449}},"branchMap":{"0":{"loc":{"start":{"line":86,"column":4},"end":{"line":86,"column":null}},"type":"if","locations":[{"start":{"line":86,"column":4},"end":{"line":86,"column":null}},{"start":{},"end":{}}],"line":86},"1":{"loc":{"start":{"line":87,"column":4},"end":{"line":87,"column":null}},"type":"if","locations":[{"start":{"line":87,"column":4},"end":{"line":87,"column":null}},{"start":{},"end":{}}],"line":87},"2":{"loc":{"start":{"line":92,"column":6},"end":{"line":95,"column":null}},"type":"if","locations":[{"start":{"line":92,"column":6},"end":{"line":95,"column":null}},{"start":{"line":94,"column":13},"end":{"line":95,"column":null}}],"line":92},"3":{"loc":{"start":{"line":139,"column":4},"end":{"line":142,"column":null}},"type":"if","locations":[{"start":{"line":139,"column":4},"end":{"line":142,"column":null}},{"start":{"line":141,"column":11},"end":{"line":142,"column":null}}],"line":139},"4":{"loc":{"start":{"line":216,"column":3},"end":{"line":244,"column":null}},"type":"if","locations":[{"start":{"line":216,"column":3},"end":{"line":244,"column":null}},{"start":{"line":218,"column":11},"end":{"line":244,"column":null}}],"line":216},"5":{"loc":{"start":{"line":224,"column":3},"end":{"line":244,"column":null}},"type":"if","locations":[{"start":{"line":224,"column":3},"end":{"line":244,"column":null}},{"start":{"line":226,"column":10},"end":{"line":244,"column":null}}],"line":224},"6":{"loc":{"start":{"line":229,"column":6},"end":{"line":229,"column":null}},"type":"if","locations":[{"start":{"line":229,"column":6},"end":{"line":229,"column":null}},{"start":{},"end":{}}],"line":229},"7":{"loc":{"start":{"line":230,"column":6},"end":{"line":230,"column":null}},"type":"if","locations":[{"start":{"line":230,"column":6},"end":{"line":230,"column":null}},{"start":{},"end":{}}],"line":230},"8":{"loc":{"start":{"line":238,"column":8},"end":{"line":241,"column":null}},"type":"if","locations":[{"start":{"line":238,"column":8},"end":{"line":241,"column":null}},{"start":{"line":240,"column":15},"end":{"line":241,"column":null}}],"line":238},"9":{"loc":{"start":{"line":317,"column":2},"end":{"line":345,"column":null}},"type":"if","locations":[{"start":{"line":317,"column":2},"end":{"line":345,"column":null}},{"start":{"line":319,"column":13},"end":{"line":345,"column":null}}],"line":317},"10":{"loc":{"start":{"line":319,"column":13},"end":{"line":345,"column":null}},"type":"if","locations":[{"start":{"line":319,"column":13},"end":{"line":345,"column":null}},{"start":{"line":321,"column":9},"end":{"line":345,"column":null}}],"line":319},"11":{"loc":{"start":{"line":328,"column":6},"end":{"line":345,"column":null}},"type":"if","locations":[{"start":{"line":328,"column":6},"end":{"line":345,"column":null}},{"start":{"line":330,"column":13},"end":{"line":345,"column":null}}],"line":328},"12":{"loc":{"start":{"line":339,"column":10},"end":{"line":342,"column":null}},"type":"if","locations":[{"start":{"line":339,"column":10},"end":{"line":342,"column":null}},{"start":{"line":341,"column":17},"end":{"line":342,"column":null}}],"line":339},"13":{"loc":{"start":{"line":392,"column":4},"end":{"line":393,"column":null}},"type":"if","locations":[{"start":{"line":392,"column":4},"end":{"line":393,"column":null}},{"start":{},"end":{}}],"line":392},"14":{"loc":{"start":{"line":398,"column":6},"end":{"line":399,"column":null}},"type":"if","locations":[{"start":{"line":398,"column":6},"end":{"line":399,"column":null}},{"start":{},"end":{}}],"line":398},"15":{"loc":{"start":{"line":453,"column":6},"end":{"line":454,"column":null}},"type":"if","locations":[{"start":{"line":453,"column":6},"end":{"line":454,"column":null}},{"start":{},"end":{}}],"line":453}},"s":{"0":4,"1":4,"2":2,"3":2,"4":2,"5":1,"6":1,"7":4,"8":8,"9":8,"10":3,"11":8,"12":4,"13":8,"14":8,"15":8,"16":1,"17":7,"18":0,"19":4,"20":1,"21":1,"22":1,"23":0,"24":1,"25":0,"26":4,"27":4,"28":0,"29":4,"30":4,"31":4,"32":8,"33":4,"34":2,"35":2,"36":2,"37":0,"38":2,"39":2,"40":2,"41":2,"42":2,"43":1,"44":1,"45":0,"46":4,"47":2,"48":0,"49":2,"50":0,"51":2,"52":2,"53":2,"54":6,"55":2,"56":0,"57":2,"58":2,"59":2,"60":1,"61":1,"62":0,"63":4,"64":1,"65":0,"66":1,"67":1,"68":1,"69":0,"70":1,"71":1,"72":1,"73":0,"74":4,"75":1,"76":1,"77":1,"78":1,"79":0,"80":1,"81":0},"f":{"0":2,"1":8,"2":1,"3":4,"4":8,"5":2,"6":6,"7":1,"8":1},"b":{"0":[3,5],"1":[4,4],"2":[1,7],"3":[0,1],"4":[0,4],"5":[2,2],"6":[0,2],"7":[2,0],"8":[1,1],"9":[0,2],"10":[0,2],"11":[0,2],"12":[1,1],"13":[0,1],"14":[0,1],"15":[0,1]},"meta":{"lastBranch":16,"lastFunction":9,"lastStatement":82,"seen":{"s:6:29:6:45":0,"s:34:0:42:Infinity":1,"f:34:32:34:39":0,"s:35:18:35:39":2,"s:36:2:40:Infinity":3,"s:37:4:37:Infinity":4,"s:38:4:38:Infinity":5,"s:40:4:40:Infinity":6,"s:83:0:100:Infinity":7,"f:83:31:83:38":1,"s:84:32:84:34":8,"b:86:4:86:Infinity:undefined:undefined:undefined:undefined":0,"s:86:4:86:Infinity":9,"s:86:24:86:Infinity":10,"b:87:4:87:Infinity:undefined:undefined:undefined:undefined":1,"s:87:4:87:Infinity":11,"s:87:40:87:Infinity":12,"s:89:4:98:Infinity":13,"s:90:22:90:48":14,"b:92:6:95:Infinity:94:13:95:Infinity":2,"s:92:6:95:Infinity":15,"s:93:7:93:Infinity":16,"s:95:8:95:Infinity":17,"s:98:6:98:Infinity":18,"s:136:0:147:Infinity":19,"f:136:35:136:42":2,"s:137:2:145:Infinity":20,"s:138:20:138:57":21,"b:139:4:142:Infinity:141:11:142:Infinity":3,"s:139:4:142:Infinity":22,"s:140:6:140:Infinity":23,"s:142:6:142:Infinity":24,"s:145:4:145:Infinity":25,"s:215:1:248:Infinity":26,"f:215:34:215:41":3,"b:216:3:244:Infinity:218:11:244:Infinity":4,"s:216:3:244:Infinity":27,"s:217:6:217:Infinity":28,"s:219:29:219:Infinity":29,"s:220:28:220:49":30,"s:221:28:223:Infinity":31,"f:221:42:221:49":4,"s:222:6:222:Infinity":32,"b:224:3:244:Infinity:226:10:244:Infinity":5,"s:224:3:244:Infinity":33,"s:225:5:225:Infinity":34,"s:227:33:227:35":35,"b:229:6:229:Infinity:undefined:undefined:undefined:undefined":6,"s:229:6:229:Infinity":36,"s:229:26:229:Infinity":37,"b:230:6:230:Infinity:undefined:undefined:undefined:undefined":7,"s:230:6:230:Infinity":38,"s:230:42:230:Infinity":39,"s:232:6:244:Infinity":40,"s:233:24:236:Infinity":41,"b:238:8:241:Infinity:240:15:241:Infinity":8,"s:238:8:241:Infinity":42,"s:239:10:239:Infinity":43,"s:241:10:241:Infinity":44,"s:244:10:244:Infinity":45,"s:316:0:349:Infinity":46,"f:316:37:316:44":5,"b:317:2:345:Infinity:319:13:345:Infinity":9,"s:317:2:345:Infinity":47,"s:318:4:318:Infinity":48,"b:319:13:345:Infinity:321:9:345:Infinity":10,"s:319:13:345:Infinity":49,"s:320:4:320:Infinity":50,"s:322:29:322:Infinity":51,"s:323:28:323:49":52,"s:324:28:326:Infinity":53,"f:324:42:324:49":6,"s:325:8:325:Infinity":54,"b:328:6:345:Infinity:330:13:345:Infinity":11,"s:328:6:345:Infinity":55,"s:329:8:329:Infinity":56,"s:332:8:345:Infinity":57,"s:333:26:336:Infinity":58,"b:339:10:342:Infinity:341:17:342:Infinity":12,"s:339:10:342:Infinity":59,"s:340:12:340:Infinity":60,"s:342:12:342:Infinity":61,"s:345:10:345:Infinity":62,"s:391:2:407:Infinity":63,"f:391:37:391:44":7,"b:392:4:393:Infinity:undefined:undefined:undefined:undefined":13,"s:392:4:393:Infinity":64,"s:393:6:393:Infinity":65,"s:396:4:405:Infinity":66,"s:397:22:397:109":67,"b:398:6:399:Infinity:undefined:undefined:undefined:undefined":14,"s:398:6:399:Infinity":68,"s:399:8:399:Infinity":69,"s:401:6:401:Infinity":70,"s:402:6:402:Infinity":71,"s:403:6:403:Infinity":72,"s:405:6:405:Infinity":73,"s:449:2:460:Infinity":74,"f:449:40:449:47":8,"s:450:4:458:Infinity":75,"s:451:6:451:Infinity":76,"s:452:22:452:68":77,"b:453:6:454:Infinity:undefined:undefined:undefined:undefined":15,"s:453:6:454:Infinity":78,"s:454:8:454:Infinity":79,"s:456:6:456:Infinity":80,"s:458:6:458:Infinity":81}}}
,"/home/usuario/grp02-medcore-api-grouph/src/routers/record.ts": {"path":"/home/usuario/grp02-medcore-api-grouph/src/routers/record.ts","statementMap":{"0":{"start":{"line":14,"column":28},"end":{"line":14,"column":44}},"1":{"start":{"line":22,"column":51},"end":{"line":24,"column":4}},"2":{"start":{"line":26,"column":2},"end":{"line":27,"column":null}},"3":{"start":{"line":27,"column":4},"end":{"line":27,"column":null}},"4":{"start":{"line":30,"column":2},"end":{"line":30,"column":null}},"5":{"start":{"line":39,"column":47},"end":{"line":39,"column":85}},"6":{"start":{"line":41,"column":2},"end":{"line":42,"column":null}},"7":{"start":{"line":42,"column":4},"end":{"line":42,"column":null}},"8":{"start":{"line":45,"column":2},"end":{"line":46,"column":null}},"9":{"start":{"line":46,"column":4},"end":{"line":46,"column":null}},"10":{"start":{"line":49,"column":2},"end":{"line":49,"column":null}},"11":{"start":{"line":64,"column":23},"end":{"line":64,"column":69}},"12":{"start":{"line":65,"column":15},"end":{"line":65,"column":null}},"13":{"start":{"line":67,"column":57},"end":{"line":67,"column":96}},"14":{"start":{"line":69,"column":2},"end":{"line":70,"column":null}},"15":{"start":{"line":70,"column":4},"end":{"line":70,"column":null}},"16":{"start":{"line":73,"column":2},"end":{"line":76,"column":null}},"17":{"start":{"line":74,"column":4},"end":{"line":76,"column":null}},"18":{"start":{"line":79,"column":2},"end":{"line":82,"column":null}},"19":{"start":{"line":80,"column":4},"end":{"line":82,"column":null}},"20":{"start":{"line":85,"column":26},"end":{"line":85,"column":null}},"21":{"start":{"line":86,"column":2},"end":{"line":89,"column":null}},"22":{"start":{"line":87,"column":4},"end":{"line":87,"column":null}},"23":{"start":{"line":89,"column":4},"end":{"line":89,"column":null}},"24":{"start":{"line":91,"column":18},"end":{"line":93,"column":null}},"25":{"start":{"line":96,"column":2},"end":{"line":99,"column":null}},"26":{"start":{"line":97,"column":4},"end":{"line":99,"column":null}},"27":{"start":{"line":109,"column":15},"end":{"line":109,"column":null}},"28":{"start":{"line":110,"column":2},"end":{"line":113,"column":null}},"29":{"start":{"line":111,"column":23},"end":{"line":111,"column":75}},"30":{"start":{"line":112,"column":4},"end":{"line":113,"column":null}},"31":{"start":{"line":113,"column":6},"end":{"line":113,"column":null}},"32":{"start":{"line":116,"column":2},"end":{"line":116,"column":null}},"33":{"start":{"line":190,"column":0},"end":{"line":235,"column":null}},"34":{"start":{"line":194,"column":2},"end":{"line":195,"column":null}},"35":{"start":{"line":195,"column":4},"end":{"line":195,"column":null}},"36":{"start":{"line":197,"column":14},"end":{"line":197,"column":null}},"37":{"start":{"line":198,"column":24},"end":{"line":198,"column":null}},"38":{"start":{"line":199,"column":60},"end":{"line":199,"column":86}},"39":{"start":{"line":201,"column":2},"end":{"line":205,"column":null}},"40":{"start":{"line":202,"column":4},"end":{"line":202,"column":null}},"41":{"start":{"line":203,"column":4},"end":{"line":203,"column":null}},"42":{"start":{"line":205,"column":4},"end":{"line":205,"column":null}},"43":{"start":{"line":208,"column":2},"end":{"line":216,"column":null}},"44":{"start":{"line":209,"column":4},"end":{"line":213,"column":null}},"45":{"start":{"line":210,"column":6},"end":{"line":213,"column":null}},"46":{"start":{"line":216,"column":4},"end":{"line":216,"column":null}},"47":{"start":{"line":219,"column":21},"end":{"line":219,"column":69}},"48":{"start":{"line":220,"column":2},"end":{"line":233,"column":null}},"49":{"start":{"line":221,"column":19},"end":{"line":226,"column":6}},"50":{"start":{"line":228,"column":4},"end":{"line":228,"column":null}},"51":{"start":{"line":229,"column":4},"end":{"line":229,"column":null}},"52":{"start":{"line":231,"column":4},"end":{"line":233,"column":null}},"53":{"start":{"line":278,"column":0},"end":{"line":301,"column":null}},"54":{"start":{"line":279,"column":2},"end":{"line":298,"column":null}},"55":{"start":{"line":280,"column":4},"end":{"line":280,"column":null}},"56":{"start":{"line":282,"column":4},"end":{"line":298,"column":null}},"57":{"start":{"line":283,"column":55},"end":{"line":283,"column":144}},"58":{"start":{"line":284,"column":6},"end":{"line":292,"column":null}},"59":{"start":{"line":285,"column":8},"end":{"line":285,"column":null}},"60":{"start":{"line":287,"column":24},"end":{"line":288,"column":59}},"61":{"start":{"line":289,"column":8},"end":{"line":292,"column":null}},"62":{"start":{"line":290,"column":10},"end":{"line":290,"column":null}},"63":{"start":{"line":292,"column":10},"end":{"line":292,"column":null}},"64":{"start":{"line":297,"column":6},"end":{"line":297,"column":null}},"65":{"start":{"line":298,"column":6},"end":{"line":298,"column":null}},"66":{"start":{"line":336,"column":0},"end":{"line":348,"column":null}},"67":{"start":{"line":337,"column":2},"end":{"line":346,"column":null}},"68":{"start":{"line":338,"column":19},"end":{"line":338,"column":55}},"69":{"start":{"line":340,"column":4},"end":{"line":343,"column":null}},"70":{"start":{"line":341,"column":6},"end":{"line":341,"column":null}},"71":{"start":{"line":343,"column":6},"end":{"line":343,"column":null}},"72":{"start":{"line":346,"column":4},"end":{"line":346,"column":null}},"73":{"start":{"line":406,"column":0},"end":{"line":460,"column":null}},"74":{"start":{"line":407,"column":39},"end":{"line":407,"column":null}},"75":{"start":{"line":410,"column":2},"end":{"line":413,"column":null}},"76":{"start":{"line":411,"column":4},"end":{"line":413,"column":null}},"77":{"start":{"line":417,"column":2},"end":{"line":420,"column":null}},"78":{"start":{"line":418,"column":4},"end":{"line":420,"column":null}},"79":{"start":{"line":424,"column":16},"end":{"line":424,"column":35}},"80":{"start":{"line":425,"column":14},"end":{"line":425,"column":31}},"81":{"start":{"line":428,"column":2},"end":{"line":431,"column":null}},"82":{"start":{"line":429,"column":4},"end":{"line":431,"column":null}},"83":{"start":{"line":435,"column":31},"end":{"line":436,"column":null}},"84":{"start":{"line":440,"column":2},"end":{"line":444,"column":null}},"85":{"start":{"line":441,"column":4},"end":{"line":444,"column":null}},"86":{"start":{"line":442,"column":6},"end":{"line":442,"column":null}},"87":{"start":{"line":444,"column":6},"end":{"line":444,"column":null}},"88":{"start":{"line":448,"column":2},"end":{"line":458,"column":null}},"89":{"start":{"line":449,"column":20},"end":{"line":449,"column":68}},"90":{"start":{"line":451,"column":4},"end":{"line":452,"column":null}},"91":{"start":{"line":452,"column":6},"end":{"line":452,"column":null}},"92":{"start":{"line":455,"column":4},"end":{"line":455,"column":null}},"93":{"start":{"line":458,"column":4},"end":{"line":458,"column":null}},"94":{"start":{"line":491,"column":0},"end":{"line":530,"column":null}},"95":{"start":{"line":492,"column":2},"end":{"line":493,"column":null}},"96":{"start":{"line":493,"column":4},"end":{"line":493,"column":null}},"97":{"start":{"line":495,"column":49},"end":{"line":495,"column":85}},"98":{"start":{"line":496,"column":2},"end":{"line":528,"column":null}},"99":{"start":{"line":497,"column":4},"end":{"line":497,"column":null}},"100":{"start":{"line":499,"column":24},"end":{"line":499,"column":null}},"101":{"start":{"line":501,"column":4},"end":{"line":519,"column":null}},"102":{"start":{"line":502,"column":6},"end":{"line":519,"column":null}},"103":{"start":{"line":503,"column":29},"end":{"line":503,"column":65}},"104":{"start":{"line":504,"column":21},"end":{"line":504,"column":null}},"105":{"start":{"line":505,"column":8},"end":{"line":518,"column":null}},"106":{"start":{"line":507,"column":10},"end":{"line":513,"column":null}},"107":{"start":{"line":508,"column":12},"end":{"line":508,"column":null}},"108":{"start":{"line":510,"column":12},"end":{"line":513,"column":null}},"109":{"start":{"line":512,"column":14},"end":{"line":512,"column":null}},"110":{"start":{"line":517,"column":10},"end":{"line":517,"column":null}},"111":{"start":{"line":522,"column":4},"end":{"line":528,"column":null}},"112":{"start":{"line":524,"column":6},"end":{"line":524,"column":null}},"113":{"start":{"line":527,"column":6},"end":{"line":527,"column":null}},"114":{"start":{"line":599,"column":0},"end":{"line":657,"column":null}},"115":{"start":{"line":600,"column":2},"end":{"line":601,"column":null}},"116":{"start":{"line":601,"column":4},"end":{"line":601,"column":null}},"117":{"start":{"line":605,"column":25},"end":{"line":605,"column":null}},"118":{"start":{"line":606,"column":24},"end":{"line":606,"column":45}},"119":{"start":{"line":607,"column":24},"end":{"line":608,"column":null}},"120":{"start":{"line":608,"column":4},"end":{"line":608,"column":35}},"121":{"start":{"line":611,"column":2},"end":{"line":657,"column":null}},"122":{"start":{"line":612,"column":4},"end":{"line":612,"column":null}},"123":{"start":{"line":614,"column":4},"end":{"line":657,"column":null}},"124":{"start":{"line":615,"column":21},"end":{"line":615,"column":57}},"125":{"start":{"line":616,"column":6},"end":{"line":653,"column":null}},"126":{"start":{"line":617,"column":8},"end":{"line":617,"column":null}},"127":{"start":{"line":619,"column":33},"end":{"line":619,"column":null}},"128":{"start":{"line":620,"column":8},"end":{"line":641,"column":null}},"129":{"start":{"line":622,"column":68},"end":{"line":622,"column":92}},"130":{"start":{"line":623,"column":10},"end":{"line":628,"column":null}},"131":{"start":{"line":624,"column":12},"end":{"line":628,"column":null}},"132":{"start":{"line":631,"column":71},"end":{"line":631,"column":97}},"133":{"start":{"line":632,"column":10},"end":{"line":637,"column":null}},"134":{"start":{"line":633,"column":12},"end":{"line":637,"column":null}},"135":{"start":{"line":639,"column":10},"end":{"line":639,"column":null}},"136":{"start":{"line":641,"column":10},"end":{"line":641,"column":null}},"137":{"start":{"line":644,"column":30},"end":{"line":647,"column":null}},"138":{"start":{"line":650,"column":8},"end":{"line":653,"column":null}},"139":{"start":{"line":651,"column":10},"end":{"line":651,"column":null}},"140":{"start":{"line":653,"column":10},"end":{"line":653,"column":null}},"141":{"start":{"line":657,"column":6},"end":{"line":657,"column":null}}},"fnMap":{"0":{"name":"getIdFromDni","decl":{"start":{"line":21,"column":15},"end":{"line":21,"column":28}},"loc":{"start":{"line":21,"column":58},"end":{"line":30,"column":null}},"line":21},"1":{"name":"getIdFromMedicalNumber","decl":{"start":{"line":38,"column":15},"end":{"line":38,"column":38}},"loc":{"start":{"line":38,"column":78},"end":{"line":49,"column":null}},"line":38},"2":{"name":"manageMedicationPrescription","decl":{"start":{"line":59,"column":15},"end":{"line":59,"column":null}},"loc":{"start":{"line":63,"column":17},"end":{"line":99,"column":null}},"line":63},"3":{"name":"computeTotalPrice","decl":{"start":{"line":108,"column":15},"end":{"line":108,"column":33}},"loc":{"start":{"line":108,"column":91},"end":{"line":116,"column":null}},"line":108},"4":{"name":"(anonymous_4)","decl":{"start":{"line":190,"column":30},"end":{"line":190,"column":37}},"loc":{"start":{"line":190,"column":50},"end":{"line":235,"column":null}},"line":190},"5":{"name":"(anonymous_5)","decl":{"start":{"line":278,"column":37},"end":{"line":278,"column":44}},"loc":{"start":{"line":278,"column":57},"end":{"line":301,"column":null}},"line":278},"6":{"name":"(anonymous_6)","decl":{"start":{"line":336,"column":33},"end":{"line":336,"column":40}},"loc":{"start":{"line":336,"column":53},"end":{"line":348,"column":null}},"line":336},"7":{"name":"(anonymous_7)","decl":{"start":{"line":406,"column":29},"end":{"line":406,"column":36}},"loc":{"start":{"line":406,"column":49},"end":{"line":460,"column":null}},"line":406},"8":{"name":"(anonymous_8)","decl":{"start":{"line":491,"column":36},"end":{"line":491,"column":43}},"loc":{"start":{"line":491,"column":56},"end":{"line":530,"column":null}},"line":491},"9":{"name":"(anonymous_9)","decl":{"start":{"line":502,"column":18},"end":{"line":502,"column":27}},"loc":{"start":{"line":502,"column":44},"end":{"line":519,"column":null}},"line":502},"10":{"name":"(anonymous_10)","decl":{"start":{"line":506,"column":9},"end":{"line":506,"column":15}},"loc":{"start":{"line":506,"column":30},"end":{"line":515,"column":null}},"line":506},"11":{"name":"(anonymous_11)","decl":{"start":{"line":511,"column":13},"end":{"line":511,"column":20}},"loc":{"start":{"line":511,"column":28},"end":{"line":513,"column":null}},"line":511},"12":{"name":"(anonymous_12)","decl":{"start":{"line":516,"column":9},"end":{"line":516,"column":16}},"loc":{"start":{"line":516,"column":24},"end":{"line":518,"column":null}},"line":516},"13":{"name":"(anonymous_13)","decl":{"start":{"line":523,"column":5},"end":{"line":523,"column":11}},"loc":{"start":{"line":523,"column":22},"end":{"line":525,"column":null}},"line":523},"14":{"name":"(anonymous_14)","decl":{"start":{"line":526,"column":5},"end":{"line":526,"column":12}},"loc":{"start":{"line":526,"column":20},"end":{"line":528,"column":null}},"line":526},"15":{"name":"(anonymous_15)","decl":{"start":{"line":599,"column":35},"end":{"line":599,"column":42}},"loc":{"start":{"line":599,"column":55},"end":{"line":657,"column":null}},"line":599},"16":{"name":"(anonymous_16)","decl":{"start":{"line":607,"column":38},"end":{"line":607,"column":45}},"loc":{"start":{"line":608,"column":4},"end":{"line":608,"column":35}},"line":608}},"branchMap":{"0":{"loc":{"start":{"line":26,"column":2},"end":{"line":27,"column":null}},"type":"if","locations":[{"start":{"line":26,"column":2},"end":{"line":27,"column":null}},{"start":{},"end":{}}],"line":26},"1":{"loc":{"start":{"line":41,"column":2},"end":{"line":42,"column":null}},"type":"if","locations":[{"start":{"line":41,"column":2},"end":{"line":42,"column":null}},{"start":{},"end":{}}],"line":41},"2":{"loc":{"start":{"line":45,"column":2},"end":{"line":46,"column":null}},"type":"if","locations":[{"start":{"line":45,"column":2},"end":{"line":46,"column":null}},{"start":{},"end":{}}],"line":45},"3":{"loc":{"start":{"line":62,"column":2},"end":{"line":62,"column":null}},"type":"default-arg","locations":[{"start":{"line":62,"column":22},"end":{"line":62,"column":null}}],"line":62},"4":{"loc":{"start":{"line":69,"column":2},"end":{"line":70,"column":null}},"type":"if","locations":[{"start":{"line":69,"column":2},"end":{"line":70,"column":null}},{"start":{},"end":{}}],"line":69},"5":{"loc":{"start":{"line":73,"column":2},"end":{"line":76,"column":null}},"type":"if","locations":[{"start":{"line":73,"column":2},"end":{"line":76,"column":null}},{"start":{},"end":{}}],"line":73},"6":{"loc":{"start":{"line":79,"column":2},"end":{"line":82,"column":null}},"type":"if","locations":[{"start":{"line":79,"column":2},"end":{"line":82,"column":null}},{"start":{},"end":{}}],"line":79},"7":{"loc":{"start":{"line":86,"column":2},"end":{"line":89,"column":null}},"type":"if","locations":[{"start":{"line":86,"column":2},"end":{"line":89,"column":null}},{"start":{"line":88,"column":9},"end":{"line":89,"column":null}}],"line":86},"8":{"loc":{"start":{"line":96,"column":2},"end":{"line":99,"column":null}},"type":"if","locations":[{"start":{"line":96,"column":2},"end":{"line":99,"column":null}},{"start":{},"end":{}}],"line":96},"9":{"loc":{"start":{"line":112,"column":4},"end":{"line":113,"column":null}},"type":"if","locations":[{"start":{"line":112,"column":4},"end":{"line":113,"column":null}},{"start":{},"end":{}}],"line":112},"10":{"loc":{"start":{"line":194,"column":2},"end":{"line":195,"column":null}},"type":"if","locations":[{"start":{"line":194,"column":2},"end":{"line":195,"column":null}},{"start":{},"end":{}}],"line":194},"11":{"loc":{"start":{"line":194,"column":6},"end":{"line":194,"column":null}},"type":"binary-expr","locations":[{"start":{"line":194,"column":6},"end":{"line":194,"column":40}},{"start":{"line":194,"column":40},"end":{"line":194,"column":null}}],"line":194},"12":{"loc":{"start":{"line":199,"column":60},"end":{"line":199,"column":86}},"type":"binary-expr","locations":[{"start":{"line":199,"column":60},"end":{"line":199,"column":84}},{"start":{"line":199,"column":84},"end":{"line":199,"column":86}}],"line":199},"13":{"loc":{"start":{"line":279,"column":2},"end":{"line":298,"column":null}},"type":"if","locations":[{"start":{"line":279,"column":2},"end":{"line":298,"column":null}},{"start":{"line":281,"column":9},"end":{"line":298,"column":null}}],"line":279},"14":{"loc":{"start":{"line":284,"column":6},"end":{"line":292,"column":null}},"type":"if","locations":[{"start":{"line":284,"column":6},"end":{"line":292,"column":null}},{"start":{"line":286,"column":13},"end":{"line":292,"column":null}}],"line":284},"15":{"loc":{"start":{"line":289,"column":8},"end":{"line":292,"column":null}},"type":"if","locations":[{"start":{"line":289,"column":8},"end":{"line":292,"column":null}},{"start":{"line":291,"column":15},"end":{"line":292,"column":null}}],"line":289},"16":{"loc":{"start":{"line":340,"column":4},"end":{"line":343,"column":null}},"type":"if","locations":[{"start":{"line":340,"column":4},"end":{"line":343,"column":null}},{"start":{"line":342,"column":11},"end":{"line":343,"column":null}}],"line":340},"17":{"loc":{"start":{"line":410,"column":2},"end":{"line":413,"column":null}},"type":"if","locations":[{"start":{"line":410,"column":2},"end":{"line":413,"column":null}},{"start":{},"end":{}}],"line":410},"18":{"loc":{"start":{"line":410,"column":6},"end":{"line":410,"column":30}},"type":"binary-expr","locations":[{"start":{"line":410,"column":6},"end":{"line":410,"column":20}},{"start":{"line":410,"column":20},"end":{"line":410,"column":30}}],"line":410},"19":{"loc":{"start":{"line":417,"column":2},"end":{"line":420,"column":null}},"type":"if","locations":[{"start":{"line":417,"column":2},"end":{"line":420,"column":null}},{"start":{},"end":{}}],"line":417},"20":{"loc":{"start":{"line":417,"column":6},"end":{"line":417,"column":68}},"type":"binary-expr","locations":[{"start":{"line":417,"column":6},"end":{"line":417,"column":39}},{"start":{"line":417,"column":39},"end":{"line":417,"column":68}}],"line":417},"21":{"loc":{"start":{"line":428,"column":2},"end":{"line":431,"column":null}},"type":"if","locations":[{"start":{"line":428,"column":2},"end":{"line":431,"column":null}},{"start":{},"end":{}}],"line":428},"22":{"loc":{"start":{"line":440,"column":2},"end":{"line":444,"column":null}},"type":"if","locations":[{"start":{"line":440,"column":2},"end":{"line":444,"column":null}},{"start":{},"end":{}}],"line":440},"23":{"loc":{"start":{"line":441,"column":4},"end":{"line":444,"column":null}},"type":"if","locations":[{"start":{"line":441,"column":4},"end":{"line":444,"column":null}},{"start":{"line":443,"column":11},"end":{"line":444,"column":null}}],"line":441},"24":{"loc":{"start":{"line":441,"column":8},"end":{"line":441,"column":84}},"type":"binary-expr","locations":[{"start":{"line":441,"column":8},"end":{"line":441,"column":35}},{"start":{"line":441,"column":35},"end":{"line":441,"column":60}},{"start":{"line":441,"column":60},"end":{"line":441,"column":84}}],"line":441},"25":{"loc":{"start":{"line":451,"column":4},"end":{"line":452,"column":null}},"type":"if","locations":[{"start":{"line":451,"column":4},"end":{"line":452,"column":null}},{"start":{},"end":{}}],"line":451},"26":{"loc":{"start":{"line":492,"column":2},"end":{"line":493,"column":null}},"type":"if","locations":[{"start":{"line":492,"column":2},"end":{"line":493,"column":null}},{"start":{},"end":{}}],"line":492},"27":{"loc":{"start":{"line":496,"column":2},"end":{"line":528,"column":null}},"type":"if","locations":[{"start":{"line":496,"column":2},"end":{"line":528,"column":null}},{"start":{"line":498,"column":9},"end":{"line":528,"column":null}}],"line":496},"28":{"loc":{"start":{"line":501,"column":4},"end":{"line":519,"column":null}},"type":"if","locations":[{"start":{"line":501,"column":4},"end":{"line":519,"column":null}},{"start":{},"end":{}}],"line":501},"29":{"loc":{"start":{"line":507,"column":10},"end":{"line":513,"column":null}},"type":"if","locations":[{"start":{"line":507,"column":10},"end":{"line":513,"column":null}},{"start":{"line":509,"column":17},"end":{"line":513,"column":null}}],"line":507},"30":{"loc":{"start":{"line":600,"column":2},"end":{"line":601,"column":null}},"type":"if","locations":[{"start":{"line":600,"column":2},"end":{"line":601,"column":null}},{"start":{},"end":{}}],"line":600},"31":{"loc":{"start":{"line":611,"column":2},"end":{"line":657,"column":null}},"type":"if","locations":[{"start":{"line":611,"column":2},"end":{"line":657,"column":null}},{"start":{"line":613,"column":9},"end":{"line":657,"column":null}}],"line":611},"32":{"loc":{"start":{"line":616,"column":6},"end":{"line":653,"column":null}},"type":"if","locations":[{"start":{"line":616,"column":6},"end":{"line":653,"column":null}},{"start":{"line":618,"column":13},"end":{"line":653,"column":null}}],"line":616},"33":{"loc":{"start":{"line":620,"column":8},"end":{"line":641,"column":null}},"type":"if","locations":[{"start":{"line":620,"column":8},"end":{"line":641,"column":null}},{"start":{"line":640,"column":15},"end":{"line":641,"column":null}}],"line":620},"34":{"loc":{"start":{"line":622,"column":68},"end":{"line":622,"column":92}},"type":"binary-expr","locations":[{"start":{"line":622,"column":68},"end":{"line":622,"column":90}},{"start":{"line":622,"column":90},"end":{"line":622,"column":92}}],"line":622},"35":{"loc":{"start":{"line":631,"column":71},"end":{"line":631,"column":97}},"type":"binary-expr","locations":[{"start":{"line":631,"column":71},"end":{"line":631,"column":95}},{"start":{"line":631,"column":95},"end":{"line":631,"column":97}}],"line":631},"36":{"loc":{"start":{"line":635,"column":14},"end":{"line":635,"column":null}},"type":"binary-expr","locations":[{"start":{"line":635,"column":14},"end":{"line":635,"column":36}},{"start":{"line":635,"column":36},"end":{"line":635,"column":null}}],"line":635},"37":{"loc":{"start":{"line":641,"column":47},"end":{"line":641,"column":71}},"type":"binary-expr","locations":[{"start":{"line":641,"column":47},"end":{"line":641,"column":69}},{"start":{"line":641,"column":69},"end":{"line":641,"column":71}}],"line":641},"38":{"loc":{"start":{"line":650,"column":8},"end":{"line":653,"column":null}},"type":"if","locations":[{"start":{"line":650,"column":8},"end":{"line":653,"column":null}},{"start":{"line":652,"column":15},"end":{"line":653,"column":null}}],"line":650}},"s":{"0":4,"1":5,"2":5,"3":1,"4":4,"5":6,"6":6,"7":1,"8":5,"9":0,"10":5,"11":4,"12":4,"13":4,"14":3,"15":0,"16":3,"17":0,"18":3,"19":0,"20":3,"21":3,"22":3,"23":0,"24":3,"25":3,"26":0,"27":4,"28":4,"29":3,"30":3,"31":3,"32":4,"33":4,"34":6,"35":0,"36":6,"37":6,"38":6,"39":6,"40":6,"41":5,"42":2,"43":4,"44":4,"45":4,"46":1,"47":3,"48":3,"49":3,"50":3,"51":2,"52":1,"53":4,"54":4,"55":0,"56":4,"57":4,"58":4,"59":1,"60":3,"61":3,"62":3,"63":0,"64":0,"65":0,"66":4,"67":1,"68":1,"69":1,"70":0,"71":1,"72":0,"73":4,"74":5,"75":5,"76":0,"77":5,"78":0,"79":5,"80":5,"81":5,"82":0,"83":5,"84":5,"85":2,"86":2,"87":0,"88":5,"89":5,"90":5,"91":1,"92":4,"93":0,"94":4,"95":2,"96":0,"97":2,"98":2,"99":1,"100":1,"101":1,"102":1,"103":0,"104":0,"105":0,"106":0,"107":0,"108":0,"109":0,"110":0,"111":1,"112":1,"113":0,"114":4,"115":2,"116":0,"117":2,"118":2,"119":2,"120":7,"121":2,"122":1,"123":1,"124":1,"125":1,"126":0,"127":1,"128":1,"129":1,"130":1,"131":0,"132":1,"133":1,"134":0,"135":1,"136":0,"137":1,"138":1,"139":0,"140":1,"141":0},"f":{"0":5,"1":6,"2":4,"3":4,"4":6,"5":4,"6":1,"7":5,"8":2,"9":0,"10":0,"11":0,"12":0,"13":1,"14":0,"15":2,"16":7},"b":{"0":[1,4],"1":[1,5],"2":[0,5],"3":[4],"4":[0,3],"5":[0,3],"6":[0,3],"7":[3,0],"8":[0,3],"9":[3,0],"10":[0,6],"11":[6,6],"12":[6,0],"13":[0,4],"14":[1,3],"15":[3,0],"16":[0,1],"17":[0,5],"18":[5,5],"19":[0,5],"20":[5,5],"21":[0,5],"22":[2,3],"23":[2,0],"24":[2,2,1],"25":[1,4],"26":[0,2],"27":[1,1],"28":[1,0],"29":[0,0],"30":[0,2],"31":[1,1],"32":[0,1],"33":[1,0],"34":[1,0],"35":[1,0],"36":[0,0],"37":[0,0],"38":[0,1]},"meta":{"lastBranch":39,"lastFunction":17,"lastStatement":142,"seen":{"s:14:28:14:44":0,"f:21:15:21:28":0,"s:22:51:24:4":1,"b:26:2:27:Infinity:undefined:undefined:undefined:undefined":0,"s:26:2:27:Infinity":2,"s:27:4:27:Infinity":3,"s:30:2:30:Infinity":4,"f:38:15:38:38":1,"s:39:47:39:85":5,"b:41:2:42:Infinity:undefined:undefined:undefined:undefined":1,"s:41:2:42:Infinity":6,"s:42:4:42:Infinity":7,"b:45:2:46:Infinity:undefined:undefined:undefined:undefined":2,"s:45:2:46:Infinity":8,"s:46:4:46:Infinity":9,"s:49:2:49:Infinity":10,"f:59:15:59:Infinity":2,"b:62:22:62:Infinity":3,"s:64:23:64:69":11,"s:65:15:65:Infinity":12,"s:67:57:67:96":13,"b:69:2:70:Infinity:undefined:undefined:undefined:undefined":4,"s:69:2:70:Infinity":14,"s:70:4:70:Infinity":15,"b:73:2:76:Infinity:undefined:undefined:undefined:undefined":5,"s:73:2:76:Infinity":16,"s:74:4:76:Infinity":17,"b:79:2:82:Infinity:undefined:undefined:undefined:undefined":6,"s:79:2:82:Infinity":18,"s:80:4:82:Infinity":19,"s:85:26:85:Infinity":20,"b:86:2:89:Infinity:88:9:89:Infinity":7,"s:86:2:89:Infinity":21,"s:87:4:87:Infinity":22,"s:89:4:89:Infinity":23,"s:91:18:93:Infinity":24,"b:96:2:99:Infinity:undefined:undefined:undefined:undefined":8,"s:96:2:99:Infinity":25,"s:97:4:99:Infinity":26,"f:108:15:108:33":3,"s:109:15:109:Infinity":27,"s:110:2:113:Infinity":28,"s:111:23:111:75":29,"b:112:4:113:Infinity:undefined:undefined:undefined:undefined":9,"s:112:4:113:Infinity":30,"s:113:6:113:Infinity":31,"s:116:2:116:Infinity":32,"s:190:0:235:Infinity":33,"f:190:30:190:37":4,"b:194:2:195:Infinity:undefined:undefined:undefined:undefined":10,"s:194:2:195:Infinity":34,"b:194:6:194:40:194:40:194:Infinity":11,"s:195:4:195:Infinity":35,"s:197:14:197:Infinity":36,"s:198:24:198:Infinity":37,"s:199:60:199:86":38,"b:199:60:199:84:199:84:199:86":12,"s:201:2:205:Infinity":39,"s:202:4:202:Infinity":40,"s:203:4:203:Infinity":41,"s:205:4:205:Infinity":42,"s:208:2:216:Infinity":43,"s:209:4:213:Infinity":44,"s:210:6:213:Infinity":45,"s:216:4:216:Infinity":46,"s:219:21:219:69":47,"s:220:2:233:Infinity":48,"s:221:19:226:6":49,"s:228:4:228:Infinity":50,"s:229:4:229:Infinity":51,"s:231:4:233:Infinity":52,"s:278:0:301:Infinity":53,"f:278:37:278:44":5,"b:279:2:298:Infinity:281:9:298:Infinity":13,"s:279:2:298:Infinity":54,"s:280:4:280:Infinity":55,"s:282:4:298:Infinity":56,"s:283:55:283:144":57,"b:284:6:292:Infinity:286:13:292:Infinity":14,"s:284:6:292:Infinity":58,"s:285:8:285:Infinity":59,"s:287:24:288:59":60,"b:289:8:292:Infinity:291:15:292:Infinity":15,"s:289:8:292:Infinity":61,"s:290:10:290:Infinity":62,"s:292:10:292:Infinity":63,"s:297:6:297:Infinity":64,"s:298:6:298:Infinity":65,"s:336:0:348:Infinity":66,"f:336:33:336:40":6,"s:337:2:346:Infinity":67,"s:338:19:338:55":68,"b:340:4:343:Infinity:342:11:343:Infinity":16,"s:340:4:343:Infinity":69,"s:341:6:341:Infinity":70,"s:343:6:343:Infinity":71,"s:346:4:346:Infinity":72,"s:406:0:460:Infinity":73,"f:406:29:406:36":7,"s:407:39:407:Infinity":74,"b:410:2:413:Infinity:undefined:undefined:undefined:undefined":17,"s:410:2:413:Infinity":75,"b:410:6:410:20:410:20:410:30":18,"s:411:4:413:Infinity":76,"b:417:2:420:Infinity:undefined:undefined:undefined:undefined":19,"s:417:2:420:Infinity":77,"b:417:6:417:39:417:39:417:68":20,"s:418:4:420:Infinity":78,"s:424:16:424:35":79,"s:425:14:425:31":80,"b:428:2:431:Infinity:undefined:undefined:undefined:undefined":21,"s:428:2:431:Infinity":81,"s:429:4:431:Infinity":82,"s:435:31:436:Infinity":83,"b:440:2:444:Infinity:undefined:undefined:undefined:undefined":22,"s:440:2:444:Infinity":84,"b:441:4:444:Infinity:443:11:444:Infinity":23,"s:441:4:444:Infinity":85,"b:441:8:441:35:441:35:441:60:441:60:441:84":24,"s:442:6:442:Infinity":86,"s:444:6:444:Infinity":87,"s:448:2:458:Infinity":88,"s:449:20:449:68":89,"b:451:4:452:Infinity:undefined:undefined:undefined:undefined":25,"s:451:4:452:Infinity":90,"s:452:6:452:Infinity":91,"s:455:4:455:Infinity":92,"s:458:4:458:Infinity":93,"s:491:0:530:Infinity":94,"f:491:36:491:43":8,"b:492:2:493:Infinity:undefined:undefined:undefined:undefined":26,"s:492:2:493:Infinity":95,"s:493:4:493:Infini
[...]
"column":null}},"27":{"start":{"line":87,"column":4},"end":{"line":87,"column":null}},"28":{"start":{"line":88,"column":4},"end":{"line":88,"column":null}},"29":{"start":{"line":90,"column":4},"end":{"line":90,"column":null}},"30":{"start":{"line":127,"column":0},"end":{"line":138,"column":null}},"31":{"start":{"line":128,"column":2},"end":{"line":136,"column":null}},"32":{"start":{"line":129,"column":18},"end":{"line":129,"column":53}},"33":{"start":{"line":130,"column":4},"end":{"line":133,"column":null}},"34":{"start":{"line":131,"column":6},"end":{"line":131,"column":null}},"35":{"start":{"line":133,"column":6},"end":{"line":133,"column":null}},"36":{"start":{"line":136,"column":4},"end":{"line":136,"column":null}},"37":{"start":{"line":179,"column":0},"end":{"line":196,"column":null}},"38":{"start":{"line":180,"column":2},"end":{"line":195,"column":null}},"39":{"start":{"line":182,"column":4},"end":{"line":182,"column":null}},"40":{"start":{"line":185,"column":4},"end":{"line":185,"column":null}},"41":{"start":{"line":188,"column":4},"end":{"line":191,"column":null}},"42":{"start":{"line":189,"column":6},"end":{"line":189,"column":null}},"43":{"start":{"line":191,"column":6},"end":{"line":191,"column":null}},"44":{"start":{"line":194,"column":4},"end":{"line":194,"column":null}},"45":{"start":{"line":267,"column":0},"end":{"line":285,"column":null}},"46":{"start":{"line":268,"column":2},"end":{"line":283,"column":null}},"47":{"start":{"line":268,"column":17},"end":{"line":268,"column":null}},"48":{"start":{"line":270,"column":4},"end":{"line":283,"column":null}},"49":{"start":{"line":272,"column":6},"end":{"line":275,"column":null}},"50":{"start":{"line":278,"column":6},"end":{"line":279,"column":null}},"51":{"start":{"line":278,"column":21},"end":{"line":278,"column":null}},"52":{"start":{"line":279,"column":11},"end":{"line":279,"column":null}},"53":{"start":{"line":282,"column":6},"end":{"line":282,"column":null}},"54":{"start":{"line":362,"column":0},"end":{"line":384,"column":null}},"55":{"start":{"line":363,"column":2},"end":{"line":363,"column":null}},"56":{"start":{"line":363,"column":17},"end":{"line":363,"column":null}},"57":{"start":{"line":364,"column":2},"end":{"line":383,"column":null}},"58":{"start":{"line":366,"column":4},"end":{"line":366,"column":null}},"59":{"start":{"line":369,"column":4},"end":{"line":369,"column":null}},"60":{"start":{"line":372,"column":4},"end":{"line":375,"column":null}},"61":{"start":{"line":378,"column":4},"end":{"line":379,"column":null}},"62":{"start":{"line":378,"column":19},"end":{"line":378,"column":null}},"63":{"start":{"line":379,"column":9},"end":{"line":379,"column":null}},"64":{"start":{"line":382,"column":4},"end":{"line":382,"column":null}},"65":{"start":{"line":425,"column":0},"end":{"line":444,"column":null}},"66":{"start":{"line":426,"column":2},"end":{"line":442,"column":null}},"67":{"start":{"line":426,"column":22},"end":{"line":426,"column":null}},"68":{"start":{"line":428,"column":4},"end":{"line":442,"column":null}},"69":{"start":{"line":430,"column":6},"end":{"line":434,"column":null}},"70":{"start":{"line":431,"column":8},"end":{"line":431,"column":null}},"71":{"start":{"line":432,"column":8},"end":{"line":432,"column":null}},"72":{"start":{"line":434,"column":8},"end":{"line":434,"column":null}},"73":{"start":{"line":438,"column":6},"end":{"line":438,"column":null}},"74":{"start":{"line":441,"column":6},"end":{"line":441,"column":null}},"75":{"start":{"line":485,"column":0},"end":{"line":502,"column":null}},"76":{"start":{"line":486,"column":2},"end":{"line":501,"column":null}},"77":{"start":{"line":488,"column":4},"end":{"line":488,"column":null}},"78":{"start":{"line":491,"column":4},"end":{"line":491,"column":null}},"79":{"start":{"line":494,"column":4},"end":{"line":497,"column":null}},"80":{"start":{"line":495,"column":6},"end":{"line":495,"column":null}},"81":{"start":{"line":497,"column":6},"end":{"line":497,"column":null}},"82":{"start":{"line":500,"column":4},"end":{"line":500,"column":null}}},"fnMap":{"0":{"name":"StaffGetFilter","decl":{"start":{"line":17,"column":9},"end":{"line":17,"column":24}},"loc":{"start":{"line":17,"column":68},"end":{"line":23,"column":null}},"line":17},"1":{"name":"(anonymous_1)","decl":{"start":{"line":18,"column":13},"end":{"line":18,"column":35}},"loc":{"start":{"line":18,"column":47},"end":{"line":23,"column":null}},"line":18},"2":{"name":"StaffAllowUpdate","decl":{"start":{"line":30,"column":9},"end":{"line":30,"column":26}},"loc":{"start":{"line":30,"column":66},"end":{"line":37,"column":null}},"line":30},"3":{"name":"(anonymous_3)","decl":{"start":{"line":31,"column":13},"end":{"line":31,"column":31}},"loc":{"start":{"line":31,"column":53},"end":{"line":37,"column":null}},"line":31},"4":{"name":"(anonymous_4)","decl":{"start":{"line":34,"column":39},"end":{"line":34,"column":46}},"loc":{"start":{"line":34,"column":57},"end":{"line":34,"column":88}},"line":34},"5":{"name":"StaffAllowSearch","decl":{"start":{"line":45,"column":9},"end":{"line":45,"column":26}},"loc":{"start":{"line":45,"column":66},"end":{"line":55,"column":null}},"line":45},"6":{"name":"(anonymous_6)","decl":{"start":{"line":46,"column":13},"end":{"line":46,"column":31}},"loc":{"start":{"line":46,"column":53},"end":{"line":55,"column":null}},"line":46},"7":{"name":"(anonymous_7)","decl":{"start":{"line":84,"column":27},"end":{"line":84,"column":34}},"loc":{"start":{"line":84,"column":47},"end":{"line":92,"column":null}},"line":84},"8":{"name":"(anonymous_8)","decl":{"start":{"line":127,"column":30},"end":{"line":127,"column":37}},"loc":{"start":{"line":127,"column":50},"end":{"line":138,"column":null}},"line":127},"9":{"name":"(anonymous_9)","decl":{"start":{"line":179,"column":27},"end":{"line":179,"column":34}},"loc":{"start":{"line":179,"column":47},"end":{"line":196,"column":null}},"line":179},"10":{"name":"(anonymous_10)","decl":{"start":{"line":181,"column":3},"end":{"line":181,"column":14}},"loc":{"start":{"line":181,"column":14},"end":{"line":183,"column":null}},"line":181},"11":{"name":"(anonymous_11)","decl":{"start":{"line":184,"column":3},"end":{"line":184,"column":9}},"loc":{"start":{"line":184,"column":20},"end":{"line":186,"column":null}},"line":184},"12":{"name":"(anonymous_12)","decl":{"start":{"line":187,"column":3},"end":{"line":187,"column":9}},"loc":{"start":{"line":187,"column":22},"end":{"line":192,"column":null}},"line":187},"13":{"name":"(anonymous_13)","decl":{"start":{"line":193,"column":3},"end":{"line":193,"column":10}},"loc":{"start":{"line":193,"column":18},"end":{"line":195,"column":null}},"line":193},"14":{"name":"(anonymous_14)","decl":{"start":{"line":267,"column":32},"end":{"line":267,"column":39}},"loc":{"start":{"line":267,"column":52},"end":{"line":285,"column":null}},"line":267},"15":{"name":"(anonymous_15)","decl":{"start":{"line":271,"column":5},"end":{"line":271,"column":16}},"loc":{"start":{"line":271,"column":16},"end":{"line":276,"column":null}},"line":271},"16":{"name":"(anonymous_16)","decl":{"start":{"line":277,"column":5},"end":{"line":277,"column":11}},"loc":{"start":{"line":277,"column":24},"end":{"line":280,"column":null}},"line":277},"17":{"name":"(anonymous_17)","decl":{"start":{"line":281,"column":5},"end":{"line":281,"column":12}},"loc":{"start":{"line":281,"column":20},"end":{"line":283,"column":null}},"line":281},"18":{"name":"(anonymous_18)","decl":{"start":{"line":362,"column":29},"end":{"line":362,"column":36}},"loc":{"start":{"line":362,"column":49},"end":{"line":384,"column":null}},"line":362},"19":{"name":"(anonymous_19)","decl":{"start":{"line":365,"column":3},"end":{"line":365,"column":14}},"loc":{"start":{"line":365,"column":14},"end":{"line":367,"column":null}},"line":365},"20":{"name":"(anonymous_20)","decl":{"start":{"line":368,"column":3},"end":{"line":368,"column":14}},"loc":{"start":{"line":368,"column":14},"end":{"line":370,"column":null}},"line":368},"21":{"name":"(anonymous_21)","decl":{"start":{"line":371,"column":3},"end":{"line":371,"column":9}},"loc":{"start":{"line":371,"column":20},"end":{"line":376,"column":null}},"line":371},"22":{"name":"(anonymous_22)","decl":{"start":{"line":377,"column":3},"end":{"line":377,"column":9}},"loc":{"start":{"line":377,"column":22},"end":{"line":380,"column":null}},"line":377},"23":{"name":"(anonymous_23)","decl":{"start":{"line":381,"column":3},"end":{"line":381,"column":10}},"loc":{"start":{"line":381,"column":18},"end":{"line":383,"column":null}},"line":381},"24":{"name":"(anonymous_24)","decl":{"start":{"line":425,"column":33},"end":{"line":425,"column":40}},"loc":{"start":{"line":425,"column":53},"end":{"line":444,"column":null}},"line":425},"25":{"name":"(anonymous_25)","decl":{"start":{"line":429,"column":5},"end":{"line":429,"column":11}},"loc":{"start":{"line":429,"column":21},"end":{"line":436,"column":null}},"line":429},"26":{"name":"(anonymous_26)","decl":{"start":{"line":437,"column":5},"end":{"line":437,"column":11}},"loc":{"start":{"line":437,"column":21},"end":{"line":439,"column":null}},"line":437},"27":{"name":"(anonymous_27)","decl":{"start":{"line":440,"column":5},"end":{"line":440,"column":12}},"loc":{"start":{"line":440,"column":22},"end":{"line":442,"column":null}},"line":440},"28":{"name":"(anonymous_28)","decl":{"start":{"line":485,"column":30},"end":{"line":485,"column":37}},"loc":{"start":{"line":485,"column":50},"end":{"line":502,"column":null}},"line":485},"29":{"name":"(anonymous_29)","decl":{"start":{"line":487,"column":3},"end":{"line":487,"column":14}},"loc":{"start":{"line":487,"column":14},"end":{"line":489,"column":null}},"line":487},"30":{"name":"(anonymous_30)","decl":{"start":{"line":490,"column":3},"end":{"line":490,"column":9}},"loc":{"start":{"line":490,"column":20},"end":{"line":492,"column":null}},"line":490},"31":{"name":"(anonymous_31)","decl":{"start":{"line":493,"column":3},"end":{"line":493,"column":9}},"loc":{"start":{"line":493,"column":21},"end":{"line":498,"column":null}},"line":493},"32":{"name":"(anonymous_32)","decl":{"start":{"line":499,"column":3},"end":{"line":499,"column":10}},"loc":{"start":{"line":499,"column":20},"end":{"line":501,"column":null}},"line":499}},"branchMap":{"0":{"loc":{"start":{"line":20,"column":4},"end":{"line":20,"column":null}},"type":"if","locations":[{"start":{"line":20,"column":4},"end":{"line":20,"column":null}},{"start":{},"end":{}}],"line":20},"1":{"loc":{"start":{"line":21,"column":4},"end":{"line":21,"column":null}},"type":"if","locations":[{"start":{"line":21,"column":4},"end":{"line":21,"column":null}},{"start":{},"end":{}}],"line":21},"2":{"loc":{"start":{"line":35,"column":4},"end":{"line":36,"column":null}},"type":"if","locations":[{"start":{"line":35,"column":4},"end":{"line":36,"column":null}},{"start":{"line":36,"column":9},"end":{"line":36,"column":null}}],"line":35},"3":{"loc":{"start":{"line":47,"column":4},"end":{"line":47,"column":null}},"type":"if","locations":[{"start":{"line":47,"column":4},"end":{"line":47,"column":null}},{"start":{},"end":{}}],"line":47},"4":{"loc":{"start":{"line":51,"column":6},"end":{"line":52,"column":null}},"type":"if","locations":[{"start":{"line":51,"column":6},"end":{"line":52,"column":null}},{"start":{},"end":{}}],"line":51},"5":{"loc":{"start":{"line":130,"column":4},"end":{"line":133,"column":null}},"type":"if","locations":[{"start":{"line":130,"column":4},"end":{"line":133,"column":null}},{"start":{"line":132,"column":11},"end":{"line":133,"column":null}}],"line":130},"6":{"loc":{"start":{"line":188,"column":4},"end":{"line":191,"column":null}},"type":"if","locations":[{"start":{"line":188,"column":4},"end":{"line":191,"column":null}},{"start":{"line":191,"column":6},"end":{"line":191,"column":null}}],"line":188},"7":{"loc":{"start":{"line":194,"column":15},"end":{"line":194,"column":33}},"type":"binary-expr","locations":[{"start":{"line":194,"column":15},"end":{"line":194,"column":29}},{"start":{"line":194,"column":29},"end":{"line":194,"column":33}}],"line":194},"8":{"loc":{"start":{"line":268,"column":2},"end":{"line":283,"column":null}},"type":"if","locations":[{"start":{"line":268,"column":2},"end":{"line":283,"column":null}},{"start":{"line":269,"column":7},"end":{"line":283,"column":null}}],"line":268},"9":{"loc":{"start":{"line":278,"column":6},"end":{"line":279,"column":null}},"type":"if","locations":[{"start":{"line":278,"column":6},"end":{"line":279,"column":null}},{"start":{"line":279,"column":11},"end":{"line":279,"column":null}}],"line":278},"10":{"loc":{"start":{"line":282,"column":17},"end":{"line":282,"column":35}},"type":"binary-expr","locations":[{"start":{"line":282,"column":17},"end":{"line":282,"column":31}},{"start":{"line":282,"column":31},"end":{"line":282,"column":35}}],"line":282},"11":{"loc":{"start":{"line":363,"column":2},"end":{"line":363,"column":null}},"type":"if","locations":[{"start":{"line":363,"column":2},"end":{"line":363,"column":null}},{"start":{},"end":{}}],"line":363},"12":{"loc":{"start":{"line":378,"column":4},"end":{"line":379,"column":null}},"type":"if","locations":[{"start":{"line":378,"column":4},"end":{"line":379,"column":null}},{"start":{"line":379,"column":9},"end":{"line":379,"column":null}}],"line":378},"13":{"loc":{"start":{"line":382,"column":15},"end":{"line":382,"column":33}},"type":"binary-expr","locations":[{"start":{"line":382,"column":15},"end":{"line":382,"column":29}},{"start":{"line":382,"column":29},"end":{"line":382,"column":33}}],"line":382},"14":{"loc":{"start":{"line":426,"column":2},"end":{"line":442,"column":null}},"type":"if","locations":[{"start":{"line":426,"column":2},"end":{"line":442,"column":null}},{"start":{"line":427,"column":7},"end":{"line":442,"column":null}}],"line":426},"15":{"loc":{"start":{"line":430,"column":6},"end":{"line":434,"column":null}},"type":"if","locations":[{"start":{"line":430,"column":6},"end":{"line":434,"column":null}},{"start":{"line":433,"column":13},"end":{"line":434,"column":null}}],"line":430},"16":{"loc":{"start":{"line":494,"column":4},"end":{"line":497,"column":null}},"type":"if","locations":[{"start":{"line":494,"column":4},"end":{"line":497,"column":null}},{"start":{"line":497,"column":6},"end":{"line":497,"column":null}}],"line":494},"17":{"loc":{"start":{"line":500,"column":15},"end":{"line":500,"column":35}},"type":"binary-expr","locations":[{"start":{"line":500,"column":15},"end":{"line":500,"column":31}},{"start":{"line":500,"column":31},"end":{"line":500,"column":35}}],"line":500}},"s":{"0":4,"1":11,"2":11,"3":11,"4":10,"5":11,"6":1,"7":11,"8":5,"9":5,"10":5,"11":5,"12":9,"13":5,"14":1,"15":4,"16":14,"17":14,"18":0,"19":14,"20":14,"21":14,"22":3,"23":14,"24":4,"25":3,"26":3,"27":3,"28":1,"29":2,"30":4,"31":1,"32":1,"33":1,"34":1,"35":0,"36":0,"37":4,"38":8,"39":7,"40":7,"41":7,"42":6,"43":1,"44":1,"45":4,"46":3,"47":0,"48":3,"49":2,"50":2,"51":1,"52":1,"53":1,"54":4,"55":3,"56":0,"57":3,"58":2,"59":2,"60":2,"61":2,"62":1,"63":1,"64":1,"65":4,"66":2,"67":0,"68":2,"69":2,"70":1,"71":1,"72":1,"73":2,"74":0,"75":4,"76":3,"77":2,"78":2,"79":2,"80":1,"81":1,"82":1},"f":{"0":11,"1":11,"2":5,"3":5,"4":9,"5":14,"6":14,"7":3,"8":1,"9":8,"10":7,"11":7,"12":7,"13":1,"14":3,"15":2,"16":2,"17":1,"18":3,"19":2,"20":2,"21":2,"22":2,"23":1,"24":2,"25":2,"26":2,"27":0,"28":3,"29":2,"30":2,"31":2,"32":1},"b":{"0":[10,1],"1":[1,10],"2":[1,4],"3":[0,14],"4":[3,11],"5":[1,0],"6":[6,1],"7":[1,0],"8":[0,3],"9":[1,1],"10":[1,0],"11":[0,3],"12":[1,1],"13":[1,0],"14":[0,2],"15":[1,1],"16":[1,1],"17":[1,0]},"meta":{"lastBranch":18,"lastFunction":33,"lastStatement":83,"seen":{"s:5:27:5:43":0,"f:17:9:17:24":0,"s:18:2:23:Infinity":1,"f:18:13:18:35":1,"s:19:30:19:32":2,"b:20:4:20:Infinity:undefined:undefined:undefined:undefined":0,"s:20:4:20:Infinity":3,"s:20:24:20:Infinity":4,"b:21:4:21:Infinity:undefined:undefined:undefined:undefined":1,"s:21:4:21:Infinity":5,"s:21:29:21:Infinity":6,"s:22:4:22:Infinity":7,"f:30:9:30:26":2,"s:31:2:37:Infinity":8,"f:31:13:31:31":3,"s:32:27:32:Infinity":9,"s:33:25:33:46":10,"s:34:26:34:89":11,"f:34:39:34:46":4,"s:34:57:34:88":12,"b:35:4:36:Infinity:36:9:36:Infinity":2,"s:35:4:36:Infinity":13,"s:35:24:35:Infinity":14,"s:36:9:36:Infinity":15,"f:45:9:45:26":5,"s:46:2:55:Infinity":16,"f:46:13:46:31":6,"b:47:4:47:Infinity:undefined:undefined:undefined:undefined":3,"s:47:4:47:Infinity":17,"s:47:20:47:Infinity":18,"s:49:27:49:48":19,"s:50:4:52:Infinity":20,"b:51:6:52:Infinity:undefined:undefined:undefined:undefined":4,"s:51:6:52:Infinity":21,"s:52:8:52:Infinity":22,"s:54:4:54:Infinity":23,"s:84:0:92:Infinity":24,"f:84:27:84:34":7,"s:85:16:85:35":25,"s:86:2:90:Infinity":26,"s:87:4:87:Infinity":27,"s:88:4:88:Infinity":28,"s:90:4:90:Infinity":29,"s:127:0:138:Infinity":30,"f:127:30:127:37":8,"s:128:2:136:Infinity":31,"s:129:18:129:53":32,"b:130:4:133:Infinity:132:11:133:Infinity":5,"s:130:4:133:Infinity":33,"s:131:6:131:Infinity":34,"s:133:6:133:Infinity":35,"s:136:4:136:Infinity":36,"s:179:0:196:Infinity":37,"f:179:27:179:34":9,"s:180:2:195:Infinity":38,"f:181:3:181:14":10,"s:182:4:182:Infinity":39,"f:184:3:184:9":11,"s:185:4:185:Infinity":40,"f:187:3:187:9":12,"b:188:4:191:Infinity:191:6:191:Infinity":6,"s:188:4:191:Infinity":41,"s:189:6:189:Infinity":42,"s:191:6:191:Infinity":43,"f:193:3:193:10":13,"s:194:4:194:Infinity":44,"b:194:15:194:29:194:29:194:33":7,"s:267:0:285:Infinity":45,"f:267:32:267:39":14,"b:268:2:283:Infinity:269:7:283:Infinity":8,"s:268:2:283:Infinity":46,"s:268:17:268:Infinity":47,"s:270:4:283:Infinity":48,"f:271:5:271:16":15,"s:272:6:275:Infinity":49,"f:277:5:277:11":16,"b:278:6:279:Infinity:279:11:279:Infinity":9,"s:278:6:279:Infinity":50,"s:278:21:278:Infinity":51,"s:279:11:279:Infinity":52,"f:281:5:281:12":17,"s:282:6:282:Infinity":53,"b:282:17:282:31:282:31:282:35":10,"s:362:0:384:Infinity":54,"f:362:29:362:36":18,"b:363:2:363:Infinity:undefined:undefined:undefined:undefined":11,"s:363:2:363:Infinity":55,"s:363:17:363:Infinity":56,"s:364:2:383:Infinity":57,"f:365:3:365:14":19,"s:366:4:366:Infinity":58,"f:368:3:368:14":20,"s:369:4:369:Infinity":59,"f:371:3:371:9":21,"s:372:4:375:Infinity":60,"f:377:3:377:9":22,"b:378:4:379:Infinity:379:9:379:Infinity":12,"s:378:4:379:Infinity":61,"s:378:19:378:Infinity":62,"s:379:9:379:Infinity":63,"f:381:3:381:10":23,"s:382:4:382:Infinity":64,"b:382:15:382:29:382:29:382:33":13,"s:425:0:444:Infinity":65,"f:425:33:425:40":24,"b:426:2:442:Infinity:427:7:442:Infinity":14,"s:426:2:442:Infinity":66,"s:426:22:426:Infinity":67,"s:428:4:442:Infinity":68,"f:429:5:429:11":25,"b:430:6:434:Infinity:433:13:434:Infinity":15,"s:430:6:434:Infinity":69,"s:431:8:431:Infinity":70,"s:432:8:432:Infinity":71,"s:434:8:434:Infinity":72,"f:437:5:437:11":26,"s:438:6:438:Infinity":73,"f:440:5:440:12":27,"s:441:6:441:Infinity":74,"s:485:0:502:Infinity":75,"f:485:30:485:37":28,"s:486:2:501:Infinity":76,"f:487:3:487:14":29,"s:488:4:488:Infinity":77,"f:490:3:490:9":30,"s:491:4:491:Infinity":78,"f:493:3:493:9":31,"b:494:4:497:Infinity:497:6:497:Infinity":16,"s:494:4:497:Infinity":79,"s:495:6:495:Infinity":80,"s:497:6:497:Infinity":81,"f:499:3:499:10":32,"s:500:4:500:Infinity":82,"b:500:15:500:31:500:31:500:35":17}}}
,"/home/usuario/grp02-medcore-api-grouph/src/types/MedicationFilter.ts": {"path":"/home/usuario/grp02-medcore-api-grouph/src/types/MedicationFilter.ts","statementMap":{},"fnMap":{},"branchMap":{},"s":{},"f":{},"b":{},"meta":{"lastBranch":0,"lastFunction":0,"lastStatement":0,"seen":{}}}
,"/home/usuario/grp02-medcore-api-grouph/src/types/PatientFilter.ts": {"path":"/home/usuario/grp02-medcore-api-grouph/src/types/PatientFilter.ts","statementMap":{},"fnMap":{},"branchMap":{},"s":{},"f":{},"b":{},"meta":{"lastBranch":0,"lastFunction":0,"lastStatement":0,"seen":{}}}
,"/home/usuario/grp02-medcore-api-grouph/src/types/RecordFilter.ts": {"path":"/home/usuario/grp02-medcore-api-grouph/src/types/RecordFilter.ts","statementMap":{},"fnMap":{},"branchMap":{},"s":{},"f":{},"b":{},"meta":{"lastBranch":0,"lastFunction":0,"lastStatement":0,"seen":{}}}
}
